Using pre-set license
Built from '2021.3/staging' branch; Version is '2021.3.11f1 (0a5ca18544bf) revision 679073'; Using compiler version '192829333'; Build Type 'Release'
OS: 'Windows 11  (10.0.22000) 64bit Professional' Language: 'ko' Physical Memory: 32618 MB
BatchMode: 1, IsHumanControllingUs: 0, StartBugReporterOnCrash: 0, Is64bit: 1, IsPro: 1

COMMAND LINE ARGUMENTS:
C:\Program Files\Unity\Hub\Editor\2021.3.11f1\Editor\Unity.exe
-adb2
-batchMode
-noUpm
-name
AssetImportWorker1
-projectPath
C:/Users/user/Documents/GitHub/MandarinFarm/unityMF
-logFile
Logs/AssetImportWorker1.log
-srvPort
59288
Successfully changed project path to: C:/Users/user/Documents/GitHub/MandarinFarm/unityMF
C:/Users/user/Documents/GitHub/MandarinFarm/unityMF
[UnityMemory] Configuration Parameters - Can be set up in boot.config
    "memorysetup-bucket-allocator-granularity=16"
    "memorysetup-bucket-allocator-bucket-count=8"
    "memorysetup-bucket-allocator-block-size=33554432"
    "memorysetup-bucket-allocator-block-count=8"
    "memorysetup-main-allocator-block-size=16777216"
    "memorysetup-thread-allocator-block-size=16777216"
    "memorysetup-gfx-main-allocator-block-size=16777216"
    "memorysetup-gfx-thread-allocator-block-size=16777216"
    "memorysetup-cache-allocator-block-size=4194304"
    "memorysetup-typetree-allocator-block-size=2097152"
    "memorysetup-profiler-bucket-allocator-granularity=16"
    "memorysetup-profiler-bucket-allocator-bucket-count=8"
    "memorysetup-profiler-bucket-allocator-block-size=33554432"
    "memorysetup-profiler-bucket-allocator-block-count=8"
    "memorysetup-profiler-allocator-block-size=16777216"
    "memorysetup-profiler-editor-allocator-block-size=1048576"
    "memorysetup-temp-allocator-size-main=16777216"
    "memorysetup-job-temp-allocator-block-size=2097152"
    "memorysetup-job-temp-allocator-block-size-background=1048576"
    "memorysetup-job-temp-allocator-reduction-small-platforms=262144"
    "memorysetup-temp-allocator-size-background-worker=32768"
    "memorysetup-temp-allocator-size-job-worker=262144"
    "memorysetup-temp-allocator-size-preload-manager=33554432"
    "memorysetup-temp-allocator-size-nav-mesh-worker=65536"
    "memorysetup-temp-allocator-size-audio-worker=65536"
    "memorysetup-temp-allocator-size-cloud-worker=32768"
    "memorysetup-temp-allocator-size-gi-baking-worker=262144"
    "memorysetup-temp-allocator-size-gfx=262144"
Refreshing native plugins compatible for Editor in 85.71 ms, found 3 plugins.
Preloading 0 native plugins for Editor in 0.00 ms.
Initialize engine version: 2021.3.11f1 (0a5ca18544bf)
[Subsystems] Discovering subsystems at path C:/Program Files/Unity/Hub/Editor/2021.3.11f1/Editor/Data/Resources/UnitySubsystems
[Subsystems] Discovering subsystems at path C:/Users/user/Documents/GitHub/MandarinFarm/unityMF/Assets
GfxDevice: creating device client; threaded=0; jobified=0
Direct3D:
    Version:  Direct3D 11.0 [level 11.1]
    Renderer: NVIDIA GeForce GTX 1660 Ti (ID=0x2191)
    Vendor:   NVIDIA
    VRAM:     5991 MB
    Driver:   31.0.15.1659
Initialize mono
Mono path[0] = 'C:/Program Files/Unity/Hub/Editor/2021.3.11f1/Editor/Data/Managed'
Mono path[1] = 'C:/Program Files/Unity/Hub/Editor/2021.3.11f1/Editor/Data/MonoBleedingEdge/lib/mono/unityjit-win32'
Mono config path = 'C:/Program Files/Unity/Hub/Editor/2021.3.11f1/Editor/Data/MonoBleedingEdge/etc'
Using monoOptions --debugger-agent=transport=dt_socket,embedding=1,server=y,suspend=n,address=127.0.0.1:56772
Begin MonoManager ReloadAssembly
Registering precompiled unity dll's ...
Register platform support module: C:/Program Files/Unity/Hub/Editor/2021.3.11f1/Editor/Data/PlaybackEngines/AndroidPlayer/UnityEditor.Android.Extensions.dll
Register platform support module: C:/Program Files/Unity/Hub/Editor/2021.3.11f1/Editor/Data/PlaybackEngines/iOSSupport/UnityEditor.iOS.Extensions.dll
Register platform support module: C:/Program Files/Unity/Hub/Editor/2021.3.11f1/Editor/Data/PlaybackEngines/WindowsStandaloneSupport/UnityEditor.WindowsStandalone.Extensions.dll
Register platform support module: C:/Program Files/Unity/Hub/Editor/2021.3.11f1/Editor/Data/PlaybackEngines/MetroSupport/UnityEditor.UWP.Extensions.dll
Registered in 0.024786 seconds.
Native extension for UWP target not found
Native extension for WindowsStandalone target not found
[usbmuxd] Start listen thread
[usbmuxd] Listen thread started
Native extension for iOS target not found
Native extension for Android target not found
Refreshing native plugins compatible for Editor in 83.97 ms, found 3 plugins.
Preloading 0 native plugins for Editor in 0.00 ms.
Mono: successfully reloaded assembly
- Completed reload, in  0.873 seconds
Domain Reload Profiling:
	ReloadAssembly (874ms)
		BeginReloadAssembly (117ms)
			ExecutionOrderSort (0ms)
			DisableScriptedObjects (0ms)
			BackupInstance (0ms)
			ReleaseScriptingObjects (0ms)
			CreateAndSetChildDomain (1ms)
		EndReloadAssembly (600ms)
			LoadAssemblies (112ms)
			RebuildTransferFunctionScriptingTraits (0ms)
			SetupTypeCache (153ms)
			ReleaseScriptCaches (0ms)
			RebuildScriptCaches (34ms)
			SetupLoadedEditorAssemblies (337ms)
				LogAssemblyErrors (0ms)
				InitializePlatformSupportModulesInManaged (85ms)
				SetLoadedEditorAssemblies (0ms)
				RefreshPlugins (84ms)
				BeforeProcessingInitializeOnLoad (4ms)
				ProcessInitializeOnLoadAttributes (109ms)
				ProcessInitializeOnLoadMethodAttributes (55ms)
				AfterProcessingInitializeOnLoad (0ms)
				EditorAssembliesLoaded (0ms)
			ExecutionOrderSort2 (0ms)
			AwakeInstancesAfterBackupRestoration (0ms)
Platform modules already initialized, skipping
Registering precompiled user dll's ...
Registered in 0.017014 seconds.
Begin MonoManager ReloadAssembly
Symbol file LoadedFromMemory doesn't match image C:\Users\user\Documents\GitHub\MandarinFarm\unityMF\Library\PackageCache\com.unity.visualscripting@1.7.8\Editor\VisualScripting.Core\Dependencies\YamlDotNet\Unity.VisualScripting.YamlDotNet.dll
Symbol file LoadedFromMemory doesn't match image C:\Users\user\Documents\GitHub\MandarinFarm\unityMF\Library\PackageCache\com.unity.visualscripting@1.7.8\Editor\VisualScripting.Core\Dependencies\DotNetZip\Unity.VisualScripting.IonicZip.dll
Native extension for UWP target not found
Native extension for WindowsStandalone target not found
Native extension for iOS target not found
Native extension for Android target not found
Refreshing native plugins compatible for Editor in 0.63 ms, found 3 plugins.
Preloading 0 native plugins for Editor in 0.00 ms.
Mono: successfully reloaded assembly
- Completed reload, in  1.497 seconds
Domain Reload Profiling:
	ReloadAssembly (1498ms)
		BeginReloadAssembly (300ms)
			ExecutionOrderSort (0ms)
			DisableScriptedObjects (6ms)
			BackupInstance (0ms)
			ReleaseScriptingObjects (0ms)
			CreateAndSetChildDomain (132ms)
		EndReloadAssembly (1039ms)
			LoadAssemblies (162ms)
			RebuildTransferFunctionScriptingTraits (0ms)
			SetupTypeCache (307ms)
			ReleaseScriptCaches (1ms)
			RebuildScriptCaches (69ms)
			SetupLoadedEditorAssemblies (487ms)
				LogAssemblyErrors (0ms)
				InitializePlatformSupportModulesInManaged (38ms)
				SetLoadedEditorAssemblies (1ms)
				RefreshPlugins (1ms)
				BeforeProcessingInitializeOnLoad (122ms)
				ProcessInitializeOnLoadAttributes (265ms)
				ProcessInitializeOnLoadMethodAttributes (36ms)
				AfterProcessingInitializeOnLoad (24ms)
				EditorAssembliesLoaded (0ms)
			ExecutionOrderSort2 (0ms)
			AwakeInstancesAfterBackupRestoration (7ms)
Platform modules already initialized, skipping
========================================================================
Worker process is ready to serve import requests
Launched and connected shader compiler UnityShaderCompiler.exe after 0.04 seconds
Refreshing native plugins compatible for Editor in 0.61 ms, found 3 plugins.
Preloading 0 native plugins for Editor in 0.00 ms.
Unloading 3395 Unused Serialized files (Serialized files now loaded: 0)
Unloading 25 unused Assets / (56.6 KB). Loaded Objects now: 3863.
Memory consumption went from 197.1 MB to 197.0 MB.
Total: 3.860000 ms (FindLiveObjects: 0.295000 ms CreateObjectMapping: 0.237500 ms MarkObjects: 3.235100 ms  DeleteObjects: 0.091600 ms)

AssetImportParameters requested are different than current active one (requested -> active):
  custom:video-decoder-ogg-theora: a1e56fd34408186e4bbccfd4996cb3dc -> 
  custom:container-muxer-webm: aa71ff27fc2769a1b78a27578f13a17b -> 
  custom:container-demuxer-webm: 4f35f7cbe854078d1ac9338744f61a02 -> 
  custom:video-encoder-webm-vp8: eb34c28f22e8b96e1ab97ce403110664 -> 
  custom:audio-encoder-webm-vorbis: bf7c407c2cedff20999df2af8eb42d56 -> 
  custom:framework-win-MediaFoundation: 216162199b28c13a410421893ffa2e32 -> 
  custom:container-demuxer-ogg: 62fdf1f143b41e24485cea50d1cbac27 -> 
  custom:video-decoder-webm-vp8: 9c59270c3fd7afecdb556c50c9e8de78 -> 
  custom:audio-decoder-ogg-vorbis: bf7c407c2cedff20999df2af8eb42d56 -> 
========================================================================
Received Import Request.
  Time since last request: 18848.718636 seconds.
  path: Assets/GOSU
  artifactKey: Guid(52dd95ad49da0d046af89bf917830a93) Importer(815301076,1909f56bfc062723c751e8b465ee728b)
Start importing Assets/GOSU using Guid(52dd95ad49da0d046af89bf917830a93) Importer(815301076,1909f56bfc062723c751e8b465ee728b)  -> (artifact id: '64ba3c55a2357804b3042ad712934ac5') in 0.007515 seconds 
========================================================================
Received Import Request.
  Time since last request: 213.357151 seconds.
  path: Assets/GOSU/61F102AD-3BE3-4AC3-93DB-01869F47F1BC.png
  artifactKey: Guid(ab8a42b853971014197e75e592d8ee39) Importer(815301076,1909f56bfc062723c751e8b465ee728b)
Start importing Assets/GOSU/61F102AD-3BE3-4AC3-93DB-01869F47F1BC.png using Guid(ab8a42b853971014197e75e592d8ee39) Importer(815301076,1909f56bfc062723c751e8b465ee728b)  -> (artifact id: 'b697feee2f877ed9f931ad1b9abc2989') in 0.114705 seconds 
========================================================================
Received Prepare
Registering precompiled user dll's ...
Registered in 0.010243 seconds.
Begin MonoManager ReloadAssembly
Symbol file LoadedFromMemory doesn't match image C:\Users\user\Documents\GitHub\MandarinFarm\unityMF\Library\PackageCache\com.unity.visualscripting@1.7.8\Editor\VisualScripting.Core\Dependencies\YamlDotNet\Unity.VisualScripting.YamlDotNet.dll
Symbol file LoadedFromMemory doesn't match image C:\Users\user\Documents\GitHub\MandarinFarm\unityMF\Library\PackageCache\com.unity.visualscripting@1.7.8\Editor\VisualScripting.Core\Dependencies\DotNetZip\Unity.VisualScripting.IonicZip.dll
Native extension for UWP target not found
Native extension for WindowsStandalone target not found
Native extension for iOS target not found
Native extension for Android target not found
Refreshing native plugins compatible for Editor in 1.21 ms, found 3 plugins.
Preloading 0 native plugins for Editor in 0.00 ms.
Mono: successfully reloaded assembly
- Completed reload, in  1.746 seconds
Domain Reload Profiling:
	ReloadAssembly (1747ms)
		BeginReloadAssembly (258ms)
			ExecutionOrderSort (0ms)
			DisableScriptedObjects (7ms)
			BackupInstance (0ms)
			ReleaseScriptingObjects (0ms)
			CreateAndSetChildDomain (56ms)
		EndReloadAssembly (1304ms)
			LoadAssemblies (201ms)
			RebuildTransferFunctionScriptingTraits (0ms)
			SetupTypeCache (434ms)
			ReleaseScriptCaches (2ms)
			RebuildScriptCaches (72ms)
			SetupLoadedEditorAssemblies (560ms)
				LogAssemblyErrors (0ms)
				InitializePlatformSupportModulesInManaged (71ms)
				SetLoadedEditorAssemblies (1ms)
				RefreshPlugins (1ms)
				BeforeProcessingInitializeOnLoad (139ms)
				ProcessInitializeOnLoadAttributes (288ms)
				ProcessInitializeOnLoadMethodAttributes (40ms)
				AfterProcessingInitializeOnLoad (20ms)
				EditorAssembliesLoaded (0ms)
			ExecutionOrderSort2 (0ms)
			AwakeInstancesAfterBackupRestoration (9ms)
Platform modules already initialized, skipping
Refreshing native plugins compatible for Editor in 3.59 ms, found 3 plugins.
Preloading 0 native plugins for Editor in 0.00 ms.
Unloading 3388 Unused Serialized files (Serialized files now loaded: 0)
Unloading 18 unused Assets / (24.7 KB). Loaded Objects now: 3869.
Memory consumption went from 196.9 MB to 196.8 MB.
Total: 5.250600 ms (FindLiveObjects: 0.415400 ms CreateObjectMapping: 0.305800 ms MarkObjects: 4.499800 ms  DeleteObjects: 0.028200 ms)

AssetImportParameters requested are different than current active one (requested -> active):
  custom:video-decoder-ogg-theora: a1e56fd34408186e4bbccfd4996cb3dc -> 
  custom:container-muxer-webm: aa71ff27fc2769a1b78a27578f13a17b -> 
  custom:container-demuxer-webm: 4f35f7cbe854078d1ac9338744f61a02 -> 
  custom:video-encoder-webm-vp8: eb34c28f22e8b96e1ab97ce403110664 -> 
  custom:audio-encoder-webm-vorbis: bf7c407c2cedff20999df2af8eb42d56 -> 
  custom:framework-win-MediaFoundation: 216162199b28c13a410421893ffa2e32 -> 
  custom:container-demuxer-ogg: 62fdf1f143b41e24485cea50d1cbac27 -> 
  custom:video-decoder-webm-vp8: 9c59270c3fd7afecdb556c50c9e8de78 -> 
  custom:audio-decoder-ogg-vorbis: bf7c407c2cedff20999df2af8eb42d56 -> 
========================================================================
Received Prepare
Registering precompiled user dll's ...
Registered in 0.010922 seconds.
Begin MonoManager ReloadAssembly
Symbol file LoadedFromMemory doesn't match image C:\Users\user\Documents\GitHub\MandarinFarm\unityMF\Library\PackageCache\com.unity.visualscripting@1.7.8\Editor\VisualScripting.Core\Dependencies\YamlDotNet\Unity.VisualScripting.YamlDotNet.dll
Symbol file LoadedFromMemory doesn't match image C:\Users\user\Documents\GitHub\MandarinFarm\unityMF\Library\PackageCache\com.unity.visualscripting@1.7.8\Editor\VisualScripting.Core\Dependencies\DotNetZip\Unity.VisualScripting.IonicZip.dll
Native extension for UWP target not found
Native extension for WindowsStandalone target not found
Native extension for iOS target not found
Native extension for Android target not found
Refreshing native plugins compatible for Editor in 0.91 ms, found 3 plugins.
Preloading 0 native plugins for Editor in 0.00 ms.
Mono: successfully reloaded assembly
- Completed reload, in  1.748 seconds
Domain Reload Profiling:
	ReloadAssembly (1749ms)
		BeginReloadAssembly (223ms)
			ExecutionOrderSort (0ms)
			DisableScriptedObjects (7ms)
			BackupInstance (0ms)
			ReleaseScriptingObjects (0ms)
			CreateAndSetChildDomain (41ms)
		EndReloadAssembly (1369ms)
			LoadAssemblies (179ms)
			RebuildTransferFunctionScriptingTraits (0ms)
			SetupTypeCache (428ms)
			ReleaseScriptCaches (2ms)
			RebuildScriptCaches (71ms)
			SetupLoadedEditorAssemblies (630ms)
				LogAssemblyErrors (0ms)
				InitializePlatformSupportModulesInManaged (69ms)
				SetLoadedEditorAssemblies (1ms)
				RefreshPlugins (1ms)
				BeforeProcessingInitializeOnLoad (138ms)
				ProcessInitializeOnLoadAttributes (350ms)
				ProcessInitializeOnLoadMethodAttributes (48ms)
				AfterProcessingInitializeOnLoad (22ms)
				EditorAssembliesLoaded (0ms)
			ExecutionOrderSort2 (0ms)
			AwakeInstancesAfterBackupRestoration (11ms)
Platform modules already initialized, skipping
Refreshing native plugins compatible for Editor in 3.49 ms, found 3 plugins.
Preloading 0 native plugins for Editor in 0.00 ms.
Unloading 3388 Unused Serialized files (Serialized files now loaded: 0)
Unloading 18 unused Assets / (24.6 KB). Loaded Objects now: 3872.
Memory consumption went from 196.9 MB to 196.8 MB.
Total: 4.398200 ms (FindLiveObjects: 0.373500 ms CreateObjectMapping: 0.357500 ms MarkObjects: 3.630800 ms  DeleteObjects: 0.034500 ms)

AssetImportParameters requested are different than current active one (requested -> active):
  custom:video-decoder-ogg-theora: a1e56fd34408186e4bbccfd4996cb3dc -> 
  custom:container-muxer-webm: aa71ff27fc2769a1b78a27578f13a17b -> 
  custom:container-demuxer-webm: 4f35f7cbe854078d1ac9338744f61a02 -> 
  custom:video-encoder-webm-vp8: eb34c28f22e8b96e1ab97ce403110664 -> 
  custom:audio-encoder-webm-vorbis: bf7c407c2cedff20999df2af8eb42d56 -> 
  custom:framework-win-MediaFoundation: 216162199b28c13a410421893ffa2e32 -> 
  custom:container-demuxer-ogg: 62fdf1f143b41e24485cea50d1cbac27 -> 
  custom:video-decoder-webm-vp8: 9c59270c3fd7afecdb556c50c9e8de78 -> 
  custom:audio-decoder-ogg-vorbis: bf7c407c2cedff20999df2af8eb42d56 -> 
========================================================================
Received Prepare
Registering precompiled user dll's ...
Registered in 0.010146 seconds.
Begin MonoManager ReloadAssembly
Symbol file LoadedFromMemory doesn't match image C:\Users\user\Documents\GitHub\MandarinFarm\unityMF\Library\PackageCache\com.unity.visualscripting@1.7.8\Editor\VisualScripting.Core\Dependencies\YamlDotNet\Unity.VisualScripting.YamlDotNet.dll
Symbol file LoadedFromMemory doesn't match image C:\Users\user\Documents\GitHub\MandarinFarm\unityMF\Library\PackageCache\com.unity.visualscripting@1.7.8\Editor\VisualScripting.Core\Dependencies\DotNetZip\Unity.VisualScripting.IonicZip.dll
Native extension for UWP target not found
Native extension for WindowsStandalone target not found
Native extension for iOS target not found
Native extension for Android target not found
Refreshing native plugins compatible for Editor in 0.82 ms, found 3 plugins.
Preloading 0 native plugins for Editor in 0.00 ms.
Mono: successfully reloaded assembly
- Completed reload, in  1.780 seconds
Domain Reload Profiling:
	ReloadAssembly (1781ms)
		BeginReloadAssembly (245ms)
			ExecutionOrderSort (0ms)
			DisableScriptedObjects (7ms)
			BackupInstance (0ms)
			ReleaseScriptingObjects (0ms)
			CreateAndSetChildDomain (53ms)
		EndReloadAssembly (1378ms)
			LoadAssemblies (180ms)
			RebuildTransferFunctionScriptingTraits (0ms)
			SetupTypeCache (432ms)
			ReleaseScriptCaches (2ms)
			RebuildScriptCaches (71ms)
			SetupLoadedEditorAssemblies (648ms)
				LogAssemblyErrors (0ms)
				InitializePlatformSupportModulesInManaged (67ms)
				SetLoadedEditorAssemblies (1ms)
				RefreshPlugins (1ms)
				BeforeProcessingInitializeOnLoad (148ms)
				ProcessInitializeOnLoadAttributes (351ms)
				ProcessInitializeOnLoadMethodAttributes (52ms)
				AfterProcessingInitializeOnLoad (27ms)
				EditorAssembliesLoaded (0ms)
			ExecutionOrderSort2 (0ms)
			AwakeInstancesAfterBackupRestoration (10ms)
Platform modules already initialized, skipping
Refreshing native plugins compatible for Editor in 2.61 ms, found 3 plugins.
Preloading 0 native plugins for Editor in 0.00 ms.
Unloading 3388 Unused Serialized files (Serialized files now loaded: 0)
Unloading 18 unused Assets / (24.6 KB). Loaded Objects now: 3875.
Memory consumption went from 196.9 MB to 196.9 MB.
Total: 3.573100 ms (FindLiveObjects: 0.283400 ms CreateObjectMapping: 0.202600 ms MarkObjects: 3.060900 ms  DeleteObjects: 0.025400 ms)

AssetImportParameters requested are different than current active one (requested -> active):
  custom:video-decoder-ogg-theora: a1e56fd34408186e4bbccfd4996cb3dc -> 
  custom:container-muxer-webm: aa71ff27fc2769a1b78a27578f13a17b -> 
  custom:container-demuxer-webm: 4f35f7cbe854078d1ac9338744f61a02 -> 
  custom:video-encoder-webm-vp8: eb34c28f22e8b96e1ab97ce403110664 -> 
  custom:audio-encoder-webm-vorbis: bf7c407c2cedff20999df2af8eb42d56 -> 
  custom:framework-win-MediaFoundation: 216162199b28c13a410421893ffa2e32 -> 
  custom:container-demuxer-ogg: 62fdf1f143b41e24485cea50d1cbac27 -> 
  custom:video-decoder-webm-vp8: 9c59270c3fd7afecdb556c50c9e8de78 -> 
  custom:audio-decoder-ogg-vorbis: bf7c407c2cedff20999df2af8eb42d56 -> 
========================================================================
Received Prepare
Registering precompiled user dll's ...
Registered in 0.014724 seconds.
Begin MonoManager ReloadAssembly
Symbol file LoadedFromMemory doesn't match image C:\Users\user\Documents\GitHub\MandarinFarm\unityMF\Library\PackageCache\com.unity.visualscripting@1.7.8\Editor\VisualScripting.Core\Dependencies\YamlDotNet\Unity.VisualScripting.YamlDotNet.dll
Symbol file LoadedFromMemory doesn't match image C:\Users\user\Documents\GitHub\MandarinFarm\unityMF\Library\PackageCache\com.unity.visualscripting@1.7.8\Editor\VisualScripting.Core\Dependencies\DotNetZip\Unity.VisualScripting.IonicZip.dll
Native extension for UWP target not found
Native extension for WindowsStandalone target not found
Native extension for iOS target not found
Native extension for Android target not found
Refreshing native plugins compatible for Editor in 0.81 ms, found 3 plugins.
Preloading 0 native plugins for Editor in 0.00 ms.
Mono: successfully reloaded assembly
- Completed reload, in  1.780 seconds
Domain Reload Profiling:
	ReloadAssembly (1781ms)
		BeginReloadAssembly (239ms)
			ExecutionOrderSort (0ms)
			DisableScriptedObjects (8ms)
			BackupInstance (0ms)
			ReleaseScriptingObjects (0ms)
			CreateAndSetChildDomain (44ms)
		EndReloadAssembly (1371ms)
			LoadAssemblies (187ms)
			RebuildTransferFunctionScriptingTraits (0ms)
			SetupTypeCache (431ms)
			ReleaseScriptCaches (1ms)
			RebuildScriptCaches (72ms)
			SetupLoadedEditorAssemblies (625ms)
				LogAssemblyErrors (0ms)
				InitializePlatformSupportModulesInManaged (73ms)
				SetLoadedEditorAssemblies (1ms)
				RefreshPlugins (1ms)
				BeforeProcessingInitializeOnLoad (149ms)
				ProcessInitializeOnLoadAttributes (327ms)
				ProcessInitializeOnLoadMethodAttributes (46ms)
				AfterProcessingInitializeOnLoad (28ms)
				EditorAssembliesLoaded (0ms)
			ExecutionOrderSort2 (0ms)
			AwakeInstancesAfterBackupRestoration (9ms)
Platform modules already initialized, skipping
Refreshing native plugins compatible for Editor in 3.31 ms, found 3 plugins.
Preloading 0 native plugins for Editor in 0.00 ms.
Unloading 3388 Unused Serialized files (Serialized files now loaded: 0)
Unloading 18 unused Assets / (24.7 KB). Loaded Objects now: 3878.
Memory consumption went from 196.9 MB to 196.9 MB.
Total: 3.809500 ms (FindLiveObjects: 0.328700 ms CreateObjectMapping: 0.225700 ms MarkObjects: 3.223800 ms  DeleteObjects: 0.030100 ms)

AssetImportParameters requested are different than current active one (requested -> active):
  custom:video-decoder-ogg-theora: a1e56fd34408186e4bbccfd4996cb3dc -> 
  custom:container-muxer-webm: aa71ff27fc2769a1b78a27578f13a17b -> 
  custom:container-demuxer-webm: 4f35f7cbe854078d1ac9338744f61a02 -> 
  custom:video-encoder-webm-vp8: eb34c28f22e8b96e1ab97ce403110664 -> 
  custom:audio-encoder-webm-vorbis: bf7c407c2cedff20999df2af8eb42d56 -> 
  custom:framework-win-MediaFoundation: 216162199b28c13a410421893ffa2e32 -> 
  custom:container-demuxer-ogg: 62fdf1f143b41e24485cea50d1cbac27 -> 
  custom:video-decoder-webm-vp8: 9c59270c3fd7afecdb556c50c9e8de78 -> 
  custom:audio-decoder-ogg-vorbis: bf7c407c2cedff20999df2af8eb42d56 -> 
========================================================================
Received Prepare
Registering precompiled user dll's ...
Registered in 0.013254 seconds.
Begin MonoManager ReloadAssembly
Symbol file LoadedFromMemory doesn't match image C:\Users\user\Documents\GitHub\MandarinFarm\unityMF\Library\PackageCache\com.unity.visualscripting@1.7.8\Editor\VisualScripting.Core\Dependencies\YamlDotNet\Unity.VisualScripting.YamlDotNet.dll
Symbol file LoadedFromMemory doesn't match image C:\Users\user\Documents\GitHub\MandarinFarm\unityMF\Library\PackageCache\com.unity.visualscripting@1.7.8\Editor\VisualScripting.Core\Dependencies\DotNetZip\Unity.VisualScripting.IonicZip.dll
Native extension for UWP target not found
Native extension for WindowsStandalone target not found
Native extension for iOS target not found
Native extension for Android target not found
Refreshing native plugins compatible for Editor in 2.38 ms, found 3 plugins.
Preloading 0 native plugins for Editor in 0.00 ms.
Mono: successfully reloaded assembly
- Completed reload, in  1.756 seconds
Domain Reload Profiling:
	ReloadAssembly (1757ms)
		BeginReloadAssembly (208ms)
			ExecutionOrderSort (0ms)
			DisableScriptedObjects (10ms)
			BackupInstance (0ms)
			ReleaseScriptingObjects (0ms)
			CreateAndSetChildDomain (41ms)
		EndReloadAssembly (1391ms)
			LoadAssemblies (158ms)
			RebuildTransferFunctionScriptingTraits (0ms)
			SetupTypeCache (443ms)
			ReleaseScriptCaches (2ms)
			RebuildScriptCaches (72ms)
			SetupLoadedEditorAssemblies (635ms)
				LogAssemblyErrors (0ms)
				InitializePlatformSupportModulesInManaged (84ms)
				SetLoadedEditorAssemblies (1ms)
				RefreshPlugins (3ms)
				BeforeProcessingInitializeOnLoad (143ms)
				ProcessInitializeOnLoadAttributes (334ms)
				ProcessInitializeOnLoadMethodAttributes (49ms)
				AfterProcessingInitializeOnLoad (21ms)
				EditorAssembliesLoaded (0ms)
			ExecutionOrderSort2 (0ms)
			AwakeInstancesAfterBackupRestoration (9ms)
Platform modules already initialized, skipping
Refreshing native plugins compatible for Editor in 3.55 ms, found 3 plugins.
Preloading 0 native plugins for Editor in 0.00 ms.
Unloading 3388 Unused Serialized files (Serialized files now loaded: 0)
Unloading 18 unused Assets / (24.7 KB). Loaded Objects now: 3881.
Memory consumption went from 196.9 MB to 196.9 MB.
Total: 4.116200 ms (FindLiveObjects: 0.337400 ms CreateObjectMapping: 0.203500 ms MarkObjects: 3.544200 ms  DeleteObjects: 0.030000 ms)

AssetImportParameters requested are different than current active one (requested -> active):
  custom:video-decoder-ogg-theora: a1e56fd34408186e4bbccfd4996cb3dc -> 
  custom:container-muxer-webm: aa71ff27fc2769a1b78a27578f13a17b -> 
  custom:container-demuxer-webm: 4f35f7cbe854078d1ac9338744f61a02 -> 
  custom:video-encoder-webm-vp8: eb34c28f22e8b96e1ab97ce403110664 -> 
  custom:audio-encoder-webm-vorbis: bf7c407c2cedff20999df2af8eb42d56 -> 
  custom:framework-win-MediaFoundation: 216162199b28c13a410421893ffa2e32 -> 
  custom:container-demuxer-ogg: 62fdf1f143b41e24485cea50d1cbac27 -> 
  custom:video-decoder-webm-vp8: 9c59270c3fd7afecdb556c50c9e8de78 -> 
  custom:audio-decoder-ogg-vorbis: bf7c407c2cedff20999df2af8eb42d56 -> 
========================================================================
Received Prepare
Registering precompiled user dll's ...
Registered in 0.018342 seconds.
Begin MonoManager ReloadAssembly
Symbol file LoadedFromMemory doesn't match image C:\Users\user\Documents\GitHub\MandarinFarm\unityMF\Library\PackageCache\com.unity.visualscripting@1.7.8\Editor\VisualScripting.Core\Dependencies\YamlDotNet\Unity.VisualScripting.YamlDotNet.dll
Symbol file LoadedFromMemory doesn't match image C:\Users\user\Documents\GitHub\MandarinFarm\unityMF\Library\PackageCache\com.unity.visualscripting@1.7.8\Editor\VisualScripting.Core\Dependencies\DotNetZip\Unity.VisualScripting.IonicZip.dll
Native extension for UWP target not found
Native extension for WindowsStandalone target not found
Native extension for iOS target not found
Native extension for Android target not found
Refreshing native plugins compatible for Editor in 0.78 ms, found 3 plugins.
Preloading 0 native plugins for Editor in 0.00 ms.
Mono: successfully reloaded assembly
- Completed reload, in  1.811 seconds
Domain Reload Profiling:
	ReloadAssembly (1812ms)
		BeginReloadAssembly (258ms)
			ExecutionOrderSort (0ms)
			DisableScriptedObjects (7ms)
			BackupInstance (0ms)
			ReleaseScriptingObjects (0ms)
			CreateAndSetChildDomain (54ms)
		EndReloadAssembly (1365ms)
			LoadAssemblies (200ms)
			RebuildTransferFunctionScriptingTraits (0ms)
			SetupTypeCache (432ms)
			ReleaseScriptCaches (1ms)
			RebuildScriptCaches (70ms)
			SetupLoadedEditorAssemblies (619ms)
				LogAssemblyErrors (0ms)
				InitializePlatformSupportModulesInManaged (71ms)
				SetLoadedEditorAssemblies (1ms)
				RefreshPlugins (1ms)
				BeforeProcessingInitializeOnLoad (143ms)
				ProcessInitializeOnLoadAttributes (330ms)
				ProcessInitializeOnLoadMethodAttributes (48ms)
				AfterProcessingInitializeOnLoad (24ms)
				EditorAssembliesLoaded (0ms)
			ExecutionOrderSort2 (0ms)
			AwakeInstancesAfterBackupRestoration (11ms)
Platform modules already initialized, skipping
Refreshing native plugins compatible for Editor in 3.47 ms, found 3 plugins.
Preloading 0 native plugins for Editor in 0.00 ms.
Unloading 3388 Unused Serialized files (Serialized files now loaded: 0)
Unloading 18 unused Assets / (24.7 KB). Loaded Objects now: 3884.
Memory consumption went from 196.9 MB to 196.9 MB.
Total: 4.221000 ms (FindLiveObjects: 0.304500 ms CreateObjectMapping: 0.208700 ms MarkObjects: 3.680100 ms  DeleteObjects: 0.026700 ms)

AssetImportParameters requested are different than current active one (requested -> active):
  custom:video-decoder-ogg-theora: a1e56fd34408186e4bbccfd4996cb3dc -> 
  custom:container-muxer-webm: aa71ff27fc2769a1b78a27578f13a17b -> 
  custom:container-demuxer-webm: 4f35f7cbe854078d1ac9338744f61a02 -> 
  custom:video-encoder-webm-vp8: eb34c28f22e8b96e1ab97ce403110664 -> 
  custom:audio-encoder-webm-vorbis: bf7c407c2cedff20999df2af8eb42d56 -> 
  custom:framework-win-MediaFoundation: 216162199b28c13a410421893ffa2e32 -> 
  custom:container-demuxer-ogg: 62fdf1f143b41e24485cea50d1cbac27 -> 
  custom:video-decoder-webm-vp8: 9c59270c3fd7afecdb556c50c9e8de78 -> 
  custom:audio-decoder-ogg-vorbis: bf7c407c2cedff20999df2af8eb42d56 -> 
========================================================================
Received Prepare
Registering precompiled user dll's ...
Registered in 0.012654 seconds.
Begin MonoManager ReloadAssembly
Symbol file LoadedFromMemory doesn't match image C:\Users\user\Documents\GitHub\MandarinFarm\unityMF\Library\PackageCache\com.unity.visualscripting@1.7.8\Editor\VisualScripting.Core\Dependencies\YamlDotNet\Unity.VisualScripting.YamlDotNet.dll
Symbol file LoadedFromMemory doesn't match image C:\Users\user\Documents\GitHub\MandarinFarm\unityMF\Library\PackageCache\com.unity.visualscripting@1.7.8\Editor\VisualScripting.Core\Dependencies\DotNetZip\Unity.VisualScripting.IonicZip.dll
Native extension for UWP target not found
Native extension for WindowsStandalone target not found
Native extension for iOS target not found
Native extension for Android target not found
Refreshing native plugins compatible for Editor in 0.95 ms, found 3 plugins.
Preloading 0 native plugins for Editor in 0.00 ms.
Mono: successfully reloaded assembly
- Completed reload, in  1.734 seconds
Domain Reload Profiling:
	ReloadAssembly (1735ms)
		BeginReloadAssembly (201ms)
			ExecutionOrderSort (0ms)
			DisableScriptedObjects (9ms)
			BackupInstance (0ms)
			ReleaseScriptingObjects (0ms)
			CreateAndSetChildDomain (42ms)
		EndReloadAssembly (1400ms)
			LoadAssemblies (149ms)
			RebuildTransferFunctionScriptingTraits (0ms)
			SetupTypeCache (431ms)
			ReleaseScriptCaches (2ms)
			RebuildScriptCaches (71ms)
			SetupLoadedEditorAssemblies (657ms)
				LogAssemblyErrors (0ms)
				InitializePlatformSupportModulesInManaged (72ms)
				SetLoadedEditorAssemblies (1ms)
				RefreshPlugins (1ms)
				BeforeProcessingInitializeOnLoad (166ms)
				ProcessInitializeOnLoadAttributes (334ms)
				ProcessInitializeOnLoadMethodAttributes (52ms)
				AfterProcessingInitializeOnLoad (31ms)
				EditorAssembliesLoaded (0ms)
			ExecutionOrderSort2 (0ms)
			AwakeInstancesAfterBackupRestoration (12ms)
Platform modules already initialized, skipping
Refreshing native plugins compatible for Editor in 3.27 ms, found 3 plugins.
Preloading 0 native plugins for Editor in 0.00 ms.
Unloading 3388 Unused Serialized files (Serialized files now loaded: 0)
Unloading 18 unused Assets / (24.7 KB). Loaded Objects now: 3887.
Memory consumption went from 196.9 MB to 196.9 MB.
Total: 4.111600 ms (FindLiveObjects: 0.335600 ms CreateObjectMapping: 0.204100 ms MarkObjects: 3.533700 ms  DeleteObjects: 0.033600 ms)

AssetImportParameters requested are different than current active one (requested -> active):
  custom:video-decoder-ogg-theora: a1e56fd34408186e4bbccfd4996cb3dc -> 
  custom:container-muxer-webm: aa71ff27fc2769a1b78a27578f13a17b -> 
  custom:container-demuxer-webm: 4f35f7cbe854078d1ac9338744f61a02 -> 
  custom:video-encoder-webm-vp8: eb34c28f22e8b96e1ab97ce403110664 -> 
  custom:audio-encoder-webm-vorbis: bf7c407c2cedff20999df2af8eb42d56 -> 
  custom:framework-win-MediaFoundation: 216162199b28c13a410421893ffa2e32 -> 
  custom:container-demuxer-ogg: 62fdf1f143b41e24485cea50d1cbac27 -> 
  custom:video-decoder-webm-vp8: 9c59270c3fd7afecdb556c50c9e8de78 -> 
  custom:audio-decoder-ogg-vorbis: bf7c407c2cedff20999df2af8eb42d56 -> 
========================================================================
Received Prepare
Registering precompiled user dll's ...
Registered in 0.010570 seconds.
Begin MonoManager ReloadAssembly
Symbol file LoadedFromMemory doesn't match image C:\Users\user\Documents\GitHub\MandarinFarm\unityMF\Library\PackageCache\com.unity.visualscripting@1.7.8\Editor\VisualScripting.Core\Dependencies\YamlDotNet\Unity.VisualScripting.YamlDotNet.dll
Symbol file LoadedFromMemory doesn't match image C:\Users\user\Documents\GitHub\MandarinFarm\unityMF\Library\PackageCache\com.unity.visualscripting@1.7.8\Editor\VisualScripting.Core\Dependencies\DotNetZip\Unity.VisualScripting.IonicZip.dll
Native extension for UWP target not found
Native extension for WindowsStandalone target not found
Native extension for iOS target not found
Native extension for Android target not found
Refreshing native plugins compatible for Editor in 0.75 ms, found 3 plugins.
Preloading 0 native plugins for Editor in 0.00 ms.
Mono: successfully reloaded assembly
- Completed reload, in  1.642 seconds
Domain Reload Profiling:
	ReloadAssembly (1647ms)
		BeginReloadAssembly (247ms)
			ExecutionOrderSort (0ms)
			DisableScriptedObjects (7ms)
			BackupInstance (0ms)
			ReleaseScriptingObjects (0ms)
			CreateAndSetChildDomain (42ms)
		EndReloadAssembly (1249ms)
			LoadAssemblies (191ms)
			RebuildTransferFunctionScriptingTraits (0ms)
			SetupTypeCache (426ms)
			ReleaseScriptCaches (2ms)
			RebuildScriptCaches (75ms)
			SetupLoadedEditorAssemblies (519ms)
				LogAssemblyErrors (0ms)
				InitializePlatformSupportModulesInManaged (65ms)
				SetLoadedEditorAssemblies (1ms)
				RefreshPlugins (1ms)
				BeforeProcessingInitializeOnLoad (134ms)
				ProcessInitializeOnLoadAttributes (255ms)
				ProcessInitializeOnLoadMethodAttributes (38ms)
				AfterProcessingInitializeOnLoad (25ms)
				EditorAssembliesLoaded (0ms)
			ExecutionOrderSort2 (0ms)
			AwakeInstancesAfterBackupRestoration (8ms)
Platform modules already initialized, skipping
Refreshing native plugins compatible for Editor in 2.64 ms, found 3 plugins.
Preloading 0 native plugins for Editor in 0.00 ms.
Unloading 3401 Unused Serialized files (Serialized files now loaded: 0)
Unloading 31 unused Assets / (0.7 MB). Loaded Objects now: 3890.
Memory consumption went from 199.2 MB to 198.5 MB.
Total: 3.965000 ms (FindLiveObjects: 0.282300 ms CreateObjectMapping: 0.179700 ms MarkObjects: 3.126300 ms  DeleteObjects: 0.375500 ms)

AssetImportParameters requested are different than current active one (requested -> active):
  custom:video-decoder-ogg-theora: a1e56fd34408186e4bbccfd4996cb3dc -> 
  custom:container-muxer-webm: aa71ff27fc2769a1b78a27578f13a17b -> 
  custom:container-demuxer-webm: 4f35f7cbe854078d1ac9338744f61a02 -> 
  custom:video-encoder-webm-vp8: eb34c28f22e8b96e1ab97ce403110664 -> 
  custom:audio-encoder-webm-vorbis: bf7c407c2cedff20999df2af8eb42d56 -> 
  custom:framework-win-MediaFoundation: 216162199b28c13a410421893ffa2e32 -> 
  custom:container-demuxer-ogg: 62fdf1f143b41e24485cea50d1cbac27 -> 
  custom:video-decoder-webm-vp8: 9c59270c3fd7afecdb556c50c9e8de78 -> 
  custom:audio-decoder-ogg-vorbis: bf7c407c2cedff20999df2af8eb42d56 -> 
========================================================================
Received Prepare
Registering precompiled user dll's ...
Registered in 0.010972 seconds.
Begin MonoManager ReloadAssembly
Symbol file LoadedFromMemory doesn't match image C:\Users\user\Documents\GitHub\MandarinFarm\unityMF\Library\PackageCache\com.unity.visualscripting@1.7.8\Editor\VisualScripting.Core\Dependencies\YamlDotNet\Unity.VisualScripting.YamlDotNet.dll
Symbol file LoadedFromMemory doesn't match image C:\Users\user\Documents\GitHub\MandarinFarm\unityMF\Library\PackageCache\com.unity.visualscripting@1.7.8\Editor\VisualScripting.Core\Dependencies\DotNetZip\Unity.VisualScripting.IonicZip.dll
Native extension for UWP target not found
Native extension for WindowsStandalone target not found
Native extension for iOS target not found
Native extension for Android target not found
Refreshing native plugins compatible for Editor in 0.90 ms, found 3 plugins.
Preloading 0 native plugins for Editor in 0.00 ms.
Mono: successfully reloaded assembly
- Completed reload, in  1.833 seconds
Domain Reload Profiling:
	ReloadAssembly (1834ms)
		BeginReloadAssembly (233ms)
			ExecutionOrderSort (0ms)
			DisableScriptedObjects (6ms)
			BackupInstance (0ms)
			ReleaseScriptingObjects (0ms)
			CreateAndSetChildDomain (51ms)
		EndReloadAssembly (1421ms)
			LoadAssemblies (182ms)
			RebuildTransferFunctionScriptingTraits (0ms)
			SetupTypeCache (457ms)
			ReleaseScriptCaches (2ms)
			RebuildScriptCaches (108ms)
			SetupLoadedEditorAssemblies (588ms)
				LogAssemblyErrors (0ms)
				InitializePlatformSupportModulesInManaged (66ms)
				SetLoadedEditorAssemblies (1ms)
				RefreshPlugins (1ms)
				BeforeProcessingInitializeOnLoad (139ms)
				ProcessInitializeOnLoadAttributes (315ms)
				ProcessInitializeOnLoadMethodAttributes (46ms)
				AfterProcessingInitializeOnLoad (19ms)
				EditorAssembliesLoaded (0ms)
			ExecutionOrderSort2 (0ms)
			AwakeInstancesAfterBackupRestoration (9ms)
Platform modules already initialized, skipping
Refreshing native plugins compatible for Editor in 4.22 ms, found 3 plugins.
Preloading 0 native plugins for Editor in 0.00 ms.
Unloading 3401 Unused Serialized files (Serialized files now loaded: 0)
Unloading 31 unused Assets / (0.7 MB). Loaded Objects now: 3893.
Memory consumption went from 199.2 MB to 198.5 MB.
Total: 4.642900 ms (FindLiveObjects: 0.384500 ms CreateObjectMapping: 0.319400 ms MarkObjects: 3.365100 ms  DeleteObjects: 0.572500 ms)

AssetImportParameters requested are different than current active one (requested -> active):
  custom:video-decoder-ogg-theora: a1e56fd34408186e4bbccfd4996cb3dc -> 
  custom:container-muxer-webm: aa71ff27fc2769a1b78a27578f13a17b -> 
  custom:container-demuxer-webm: 4f35f7cbe854078d1ac9338744f61a02 -> 
  custom:video-encoder-webm-vp8: eb34c28f22e8b96e1ab97ce403110664 -> 
  custom:audio-encoder-webm-vorbis: bf7c407c2cedff20999df2af8eb42d56 -> 
  custom:framework-win-MediaFoundation: 216162199b28c13a410421893ffa2e32 -> 
  custom:container-demuxer-ogg: 62fdf1f143b41e24485cea50d1cbac27 -> 
  custom:video-decoder-webm-vp8: 9c59270c3fd7afecdb556c50c9e8de78 -> 
  custom:audio-decoder-ogg-vorbis: bf7c407c2cedff20999df2af8eb42d56 -> 
========================================================================
Received Prepare
Registering precompiled user dll's ...
Registered in 0.013173 seconds.
Begin MonoManager ReloadAssembly
Symbol file LoadedFromMemory doesn't match image C:\Users\user\Documents\GitHub\MandarinFarm\unityMF\Library\PackageCache\com.unity.visualscripting@1.7.8\Editor\VisualScripting.Core\Dependencies\YamlDotNet\Unity.VisualScripting.YamlDotNet.dll
Symbol file LoadedFromMemory doesn't match image C:\Users\user\Documents\GitHub\MandarinFarm\unityMF\Library\PackageCache\com.unity.visualscripting@1.7.8\Editor\VisualScripting.Core\Dependencies\DotNetZip\Unity.VisualScripting.IonicZip.dll
Native extension for UWP target not found
Native extension for WindowsStandalone target not found
Native extension for iOS target not found
Native extension for Android target not found
Refreshing native plugins compatible for Editor in 0.96 ms, found 3 plugins.
Preloading 0 native plugins for Editor in 0.00 ms.
Mono: successfully reloaded assembly
- Completed reload, in  1.738 seconds
Domain Reload Profiling:
	ReloadAssembly (1739ms)
		BeginReloadAssembly (206ms)
			ExecutionOrderSort (0ms)
			DisableScriptedObjects (7ms)
			BackupInstance (0ms)
			ReleaseScriptingObjects (0ms)
			CreateAndSetChildDomain (43ms)
		EndReloadAssembly (1390ms)
			LoadAssemblies (148ms)
			RebuildTransferFunctionScriptingTraits (0ms)
			SetupTypeCache (412ms)
			ReleaseScriptCaches (2ms)
			RebuildScriptCaches (79ms)
			SetupLoadedEditorAssemblies (670ms)
				LogAssemblyErrors (0ms)
				InitializePlatformSupportModulesInManaged (70ms)
				SetLoadedEditorAssemblies (1ms)
				RefreshPlugins (1ms)
				BeforeProcessingInitializeOnLoad (162ms)
				ProcessInitializeOnLoadAttributes (358ms)
				ProcessInitializeOnLoadMethodAttributes (51ms)
				AfterProcessingInitializeOnLoad (26ms)
				EditorAssembliesLoaded (0ms)
			ExecutionOrderSort2 (0ms)
			AwakeInstancesAfterBackupRestoration (9ms)
Platform modules already initialized, skipping
Refreshing native plugins compatible for Editor in 3.50 ms, found 3 plugins.
Preloading 0 native plugins for Editor in 0.00 ms.
Unloading 3401 Unused Serialized files (Serialized files now loaded: 0)
Unloading 31 unused Assets / (0.7 MB). Loaded Objects now: 3896.
Memory consumption went from 199.2 MB to 198.5 MB.
Total: 4.429100 ms (FindLiveObjects: 0.322500 ms CreateObjectMapping: 0.216700 ms MarkObjects: 3.377000 ms  DeleteObjects: 0.511700 ms)

AssetImportParameters requested are different than current active one (requested -> active):
  custom:video-decoder-ogg-theora: a1e56fd34408186e4bbccfd4996cb3dc -> 
  custom:container-muxer-webm: aa71ff27fc2769a1b78a27578f13a17b -> 
  custom:container-demuxer-webm: 4f35f7cbe854078d1ac9338744f61a02 -> 
  custom:video-encoder-webm-vp8: eb34c28f22e8b96e1ab97ce403110664 -> 
  custom:audio-encoder-webm-vorbis: bf7c407c2cedff20999df2af8eb42d56 -> 
  custom:framework-win-MediaFoundation: 216162199b28c13a410421893ffa2e32 -> 
  custom:container-demuxer-ogg: 62fdf1f143b41e24485cea50d1cbac27 -> 
  custom:video-decoder-webm-vp8: 9c59270c3fd7afecdb556c50c9e8de78 -> 
  custom:audio-decoder-ogg-vorbis: bf7c407c2cedff20999df2af8eb42d56 -> 
========================================================================
Received Prepare
Registering precompiled user dll's ...
Registered in 0.014717 seconds.
Begin MonoManager ReloadAssembly
Symbol file LoadedFromMemory doesn't match image C:\Users\user\Documents\GitHub\MandarinFarm\unityMF\Library\PackageCache\com.unity.visualscripting@1.7.8\Editor\VisualScripting.Core\Dependencies\YamlDotNet\Unity.VisualScripting.YamlDotNet.dll
Symbol file LoadedFromMemory doesn't match image C:\Users\user\Documents\GitHub\MandarinFarm\unityMF\Library\PackageCache\com.unity.visualscripting@1.7.8\Editor\VisualScripting.Core\Dependencies\DotNetZip\Unity.VisualScripting.IonicZip.dll
Native extension for UWP target not found
Native extension for WindowsStandalone target not found
Native extension for iOS target not found
Native extension for Android target not found
Refreshing native plugins compatible for Editor in 1.01 ms, found 3 plugins.
Preloading 0 native plugins for Editor in 0.00 ms.
Mono: successfully reloaded assembly
- Completed reload, in  1.713 seconds
Domain Reload Profiling:
	ReloadAssembly (1714ms)
		BeginReloadAssembly (210ms)
			ExecutionOrderSort (0ms)
			DisableScriptedObjects (6ms)
			BackupInstance (0ms)
			ReleaseScriptingObjects (0ms)
			CreateAndSetChildDomain (39ms)
		EndReloadAssembly (1364ms)
			LoadAssemblies (169ms)
			RebuildTransferFunctionScriptingTraits (0ms)
			SetupTypeCache (430ms)
			ReleaseScriptCaches (2ms)
			RebuildScriptCaches (68ms)
			SetupLoadedEditorAssemblies (622ms)
				LogAssemblyErrors (0ms)
				InitializePlatformSupportModulesInManaged (68ms)
				SetLoadedEditorAssemblies (1ms)
				RefreshPlugins (1ms)
				BeforeProcessingInitializeOnLoad (143ms)
				ProcessInitializeOnLoadAttributes (328ms)
				ProcessInitializeOnLoadMethodAttributes (48ms)
				AfterProcessingInitializeOnLoad (32ms)
				EditorAssembliesLoaded (0ms)
			ExecutionOrderSort2 (0ms)
			AwakeInstancesAfterBackupRestoration (10ms)
Platform modules already initialized, skipping
Refreshing native plugins compatible for Editor in 3.44 ms, found 3 plugins.
Preloading 0 native plugins for Editor in 0.00 ms.
Unloading 3401 Unused Serialized files (Serialized files now loaded: 0)
Unloading 31 unused Assets / (0.7 MB). Loaded Objects now: 3899.
Memory consumption went from 199.2 MB to 198.5 MB.
Total: 4.786100 ms (FindLiveObjects: 0.400200 ms CreateObjectMapping: 0.401500 ms MarkObjects: 3.462800 ms  DeleteObjects: 0.520600 ms)

AssetImportParameters requested are different than current active one (requested -> active):
  custom:video-decoder-ogg-theora: a1e56fd34408186e4bbccfd4996cb3dc -> 
  custom:container-muxer-webm: aa71ff27fc2769a1b78a27578f13a17b -> 
  custom:container-demuxer-webm: 4f35f7cbe854078d1ac9338744f61a02 -> 
  custom:video-encoder-webm-vp8: eb34c28f22e8b96e1ab97ce403110664 -> 
  custom:audio-encoder-webm-vorbis: bf7c407c2cedff20999df2af8eb42d56 -> 
  custom:framework-win-MediaFoundation: 216162199b28c13a410421893ffa2e32 -> 
  custom:container-demuxer-ogg: 62fdf1f143b41e24485cea50d1cbac27 -> 
  custom:video-decoder-webm-vp8: 9c59270c3fd7afecdb556c50c9e8de78 -> 
  custom:audio-decoder-ogg-vorbis: bf7c407c2cedff20999df2af8eb42d56 -> 
========================================================================
Received Import Request.
  Time since last request: 518.026913 seconds.
  path: Assets/Materials/prototype_texture_blue.mat
  artifactKey: Guid(3b99fddfc90a4e243a3c6ef048a5466f) Importer(815301076,1909f56bfc062723c751e8b465ee728b)
Start importing Assets/Materials/prototype_texture_blue.mat using Guid(3b99fddfc90a4e243a3c6ef048a5466f) Importer(815301076,1909f56bfc062723c751e8b465ee728b)  -> (artifact id: 'df15eefa5957ad159c78fb649834ebce') in 0.180868 seconds 
========================================================================
Received Import Request.
  Time since last request: 0.000048 seconds.
  path: Assets/Materials/prototype_texture_dark_gray.mat
  artifactKey: Guid(97d18f754807eca438cbb63a1cf107b6) Importer(815301076,1909f56bfc062723c751e8b465ee728b)
Start importing Assets/Materials/prototype_texture_dark_gray.mat using Guid(97d18f754807eca438cbb63a1cf107b6) Importer(815301076,1909f56bfc062723c751e8b465ee728b)  -> (artifact id: '4369b65edde5ec5d09a0af7bf671cb6d') in 0.015543 seconds 
========================================================================
Received Import Request.
  Time since last request: 0.000030 seconds.
  path: Assets/Materials/Test_Color_Red.mat
  artifactKey: Guid(3026569c3773d17489431e6e077f11af) Importer(815301076,1909f56bfc062723c751e8b465ee728b)
Start importing Assets/Materials/Test_Color_Red.mat using Guid(3026569c3773d17489431e6e077f11af) Importer(815301076,1909f56bfc062723c751e8b465ee728b)  -> (artifact id: '81bfd0b971feb495145d9e9f38e5c850') in 0.017059 seconds 
========================================================================
Received Import Request.
  Time since last request: 0.000023 seconds.
  path: Assets/Materials/prototype_texture_light_gray.mat
  artifactKey: Guid(11169d7629cab954fa07b6bb2ade5a77) Importer(815301076,1909f56bfc062723c751e8b465ee728b)
Start importing Assets/Materials/prototype_texture_light_gray.mat using Guid(11169d7629cab954fa07b6bb2ade5a77) Importer(815301076,1909f56bfc062723c751e8b465ee728b)  -> (artifact id: '32dc463148c16d56a779f4a9ebb16bfd') in 0.017517 seconds 
========================================================================
Received Import Request.
  Time since last request: 0.000022 seconds.
  path: Assets/Materials/prototype_texture_dark_gray.png
  artifactKey: Guid(58525a27f32743b48a3a8bed5263cb5f) Importer(815301076,1909f56bfc062723c751e8b465ee728b)
Start importing Assets/Materials/prototype_texture_dark_gray.png using Guid(58525a27f32743b48a3a8bed5263cb5f) Importer(815301076,1909f56bfc062723c751e8b465ee728b)  -> (artifact id: '6491d38b9bce878ddb21ce16a3e07cff') in 0.021701 seconds 
========================================================================
Received Import Request.
  Time since last request: 2.631967 seconds.
  path: Assets/에셋스토어/Buttons/PNG/Materials/6button_green_middle.mat
  artifactKey: Guid(15963e7239d604248b4643732fed5a82) Importer(815301076,1909f56bfc062723c751e8b465ee728b)
Start importing Assets/에셋스토어/Buttons/PNG/Materials/6button_green_middle.mat using Guid(15963e7239d604248b4643732fed5a82) Importer(815301076,1909f56bfc062723c751e8b465ee728b)  -> (artifact id: 'fd64f0e84cb3b6ce1d5bf43bec14bbe9') in 0.011224 seconds 
========================================================================
Received Import Request.
  Time since last request: 0.000017 seconds.
  path: Assets/에셋스토어/Fireworks/Rocket 3/Materials/Fireworks tail 3.mat
  artifactKey: Guid(0343045727573b14985380e0c0941bb0) Importer(815301076,1909f56bfc062723c751e8b465ee728b)
Start importing Assets/에셋스토어/Fireworks/Rocket 3/Materials/Fireworks tail 3.mat using Guid(0343045727573b14985380e0c0941bb0) Importer(815301076,1909f56bfc062723c751e8b465ee728b)  -> (artifact id: '8193d7de39d321647b64be27eaee5e55') in 0.071612 seconds 
========================================================================
Received Import Request.
  Time since last request: 0.000019 seconds.
  path: Assets/에셋스토어/Polygon-Lite Survival Collection/Materials/Green_1.mat
  artifactKey: Guid(eec3351fdd5a6444f94eccbfdc754bcf) Importer(815301076,1909f56bfc062723c751e8b465ee728b)
Start importing Assets/에셋스토어/Polygon-Lite Survival Collection/Materials/Green_1.mat using Guid(eec3351fdd5a6444f94eccbfdc754bcf) Importer(815301076,1909f56bfc062723c751e8b465ee728b)  -> (artifact id: '8adc72a3c72912e4d2bb35c24cb71966') in 0.010745 seconds 
========================================================================
Received Import Request.
  Time since last request: 0.000023 seconds.
  path: Assets/에셋스토어/Polygon-Lite Survival Collection/Materials/Ground.mat
  artifactKey: Guid(56bb5f36816c84e47951a0c47b02f54b) Importer(815301076,1909f56bfc062723c751e8b465ee728b)
Start importing Assets/에셋스토어/Polygon-Lite Survival Collection/Materials/Ground.mat using Guid(56bb5f36816c84e47951a0c47b02f54b) Importer(815301076,1909f56bfc062723c751e8b465ee728b)  -> (artifact id: 'a3ae53f61c7fea0fde40aecd58ba98dd') in 0.010244 seconds 
========================================================================
Received Import Request.
  Time since last request: 0.000018 seconds.
  path: Assets/에셋스토어/Fireworks/Firecracker 2/Materials/Firecracker 2 Texture.mat
  artifactKey: Guid(40c1d3d6fabf67c47bddd75adbd73968) Importer(815301076,1909f56bfc062723c751e8b465ee728b)
Start importing Assets/에셋스토어/Fireworks/Firecracker 2/Materials/Firecracker 2 Texture.mat using Guid(40c1d3d6fabf67c47bddd75adbd73968) Importer(815301076,1909f56bfc062723c751e8b465ee728b)  -> (artifact id: '9cc55154c779c7cf679f921d6109729b') in 0.012505 seconds 
========================================================================
Received Import Request.
  Time since last request: 0.000046 seconds.
  path: Assets/에셋스토어/Fireworks/Rocket 5/Materials/Explosion.mat
  artifactKey: Guid(c01d89747814bc649b6db673a2938aaa) Importer(815301076,1909f56bfc062723c751e8b465ee728b)
Start importing Assets/에셋스토어/Fireworks/Rocket 5/Materials/Explosion.mat using Guid(c01d89747814bc649b6db673a2938aaa) Importer(815301076,1909f56bfc062723c751e8b465ee728b)  -> (artifact id: 'c698db0d7de33880df973dd842cc6390') in 0.012711 seconds 
========================================================================
Received Import Request.
  Time since last request: 0.000025 seconds.
  path: Assets/GOSU/Blink/Art/Textures/StylizedForestTextures/Grass_Mud/Grass_Mud.mat
  artifactKey: Guid(aa687d57e9cbd134b8545550b4ab507c) Importer(815301076,1909f56bfc062723c751e8b465ee728b)
Start importing Assets/GOSU/Blink/Art/Textures/StylizedForestTextures/Grass_Mud/Grass_Mud.mat using Guid(aa687d57e9cbd134b8545550b4ab507c) Importer(815301076,1909f56bfc062723c751e8b465ee728b)  -> (artifact id: 'a52b0edb7607cf09a13febe237273373') in 0.385086 seconds 
========================================================================
Received Import Request.
  Time since last request: 0.000029 seconds.
  path: Assets/에셋스토어/Fireworks/Firecracker 1/Model/Materials/defaultMat.mat
  artifactKey: Guid(317659a78a2b83a469625d84cfd9aee3) Importer(815301076,1909f56bfc062723c751e8b465ee728b)
Start importing Assets/에셋스토어/Fireworks/Firecracker 1/Model/Materials/defaultMat.mat using Guid(317659a78a2b83a469625d84cfd9aee3) Importer(815301076,1909f56bfc062723c751e8b465ee728b)  -> (artifact id: 'f027d452bd148374a25c2372d99be718') in 0.011259 seconds 
========================================================================
Received Import Request.
  Time since last request: 0.000045 seconds.
  path: Assets/에셋스토어/remake_assets/Materials/1111.mat
  artifactKey: Guid(fd3aceb1d44bf6d43893793190dc2141) Importer(815301076,1909f56bfc062723c751e8b465ee728b)
Start importing Assets/에셋스토어/remake_assets/Materials/1111.mat using Guid(fd3aceb1d44bf6d43893793190dc2141) Importer(815301076,1909f56bfc062723c751e8b465ee728b)  -> (artifact id: '3f98944904c39b2fb4f660cadb25cd29') in 0.013492 seconds 
========================================================================
Received Import Request.
  Time since last request: 0.000024 seconds.
  path: Assets/GOSU/DungeonAssetPack/Mesh/Dungeon.fbx
  artifactKey: Guid(761f086b8ea3d3b498c848051eb930a8) Importer(815301076,1909f56bfc062723c751e8b465ee728b)
Start importing Assets/GOSU/DungeonAssetPack/Mesh/Dungeon.fbx using Guid(761f086b8ea3d3b498c848051eb930a8) Importer(815301076,1909f56bfc062723c751e8b465ee728b)  -> (artifact id: '1b165eb70fff2b4b1463ce448fe749c8') in 1.060873 seconds 
========================================================================
Received Import Request.
  Time since last request: 4.936537 seconds.
  path: Assets/TextMesh Pro/Resources/Fonts & Materials/LiberationSans SDF - Outline.mat
  artifactKey: Guid(79459efec17a4d00a321bdcc27bbc385) Importer(815301076,1909f56bfc062723c751e8b465ee728b)
Start importing Assets/TextMesh Pro/Resources/Fonts & Materials/LiberationSans SDF - Outline.mat using Guid(79459efec17a4d00a321bdcc27bbc385) Importer(815301076,1909f56bfc062723c751e8b465ee728b)  -> (artifact id: 'e0dd0b1a2fdce49697bf598ffeef1e13') in 0.116345 seconds 
========================================================================
Received Import Request.
  Time since last request: 0.000019 seconds.
  path: Assets/에셋스토어/Fireworks/Rocket 2/Materials/rocket 2 texture.mat
  artifactKey: Guid(2da19fcdb17a60946b50c30bde766be6) Importer(815301076,1909f56bfc062723c751e8b465ee728b)
Start importing Assets/에셋스토어/Fireworks/Rocket 2/Materials/rocket 2 texture.mat using Guid(2da19fcdb17a60946b50c30bde766be6) Importer(815301076,1909f56bfc062723c751e8b465ee728b)  -> (artifact id: '49864c601e582d5fae6fe7c5944270cc') in 0.015551 seconds 
========================================================================
Received Import Request.
  Time since last request: 0.000045 seconds.
  path: Assets/에셋스토어/Fireworks/Battery/Material/Trail.mat
  artifactKey: Guid(4fea606f277533f4bbbc8cef5616bfca) Importer(815301076,1909f56bfc062723c751e8b465ee728b)
Start importing Assets/에셋스토어/Fireworks/Battery/Material/Trail.mat using Guid(4fea606f277533f4bbbc8cef5616bfca) Importer(815301076,1909f56bfc062723c751e8b465ee728b)  -> (artifact id: 'f250442518d535707f45fba3c6ca44d7') in 0.047935 seconds 
========================================================================
Received Import Request.
  Time since last request: 0.000024 seconds.
  path: Assets/에셋스토어/Fireworks/Rocket 1/Materials/Texture.mat
  artifactKey: Guid(e39f0d3eaae47ad448c2b8c8265a8def) Importer(815301076,1909f56bfc062723c751e8b465ee728b)
Start importing Assets/에셋스토어/Fireworks/Rocket 1/Materials/Texture.mat using Guid(e39f0d3eaae47ad448c2b8c8265a8def) Importer(815301076,1909f56bfc062723c751e8b465ee728b)  -> (artifact id: 'ce068cc026fe4a4d215da8cf5fac4283') in 0.017892 seconds 
========================================================================
Received Import Request.
  Time since last request: 0.000025 seconds.
  path: Assets/에셋스토어/Fireworks/Battery/Material/Rocket.mat
  artifactKey: Guid(866b4a26a14db714eb260cd917342d3b) Importer(815301076,1909f56bfc062723c751e8b465ee728b)
Start importing Assets/에셋스토어/Fireworks/Battery/Material/Rocket.mat using Guid(866b4a26a14db714eb260cd917342d3b) Importer(815301076,1909f56bfc062723c751e8b465ee728b)  -> (artifact id: 'b4d21a95a006cea4469b4abfb4dc30ca') in 0.012079 seconds 
========================================================================
Received Import Request.
  Time since last request: 0.000030 seconds.
  path: Assets/에셋스토어/Fireworks/Rocket 3/Materials/rocket 3 texture.mat
  artifactKey: Guid(865d86a0412b442418f7964bd70fe5c8) Importer(815301076,1909f56bfc062723c751e8b465ee728b)
Start importing Assets/에셋스토어/Fireworks/Rocket 3/Materials/rocket 3 texture.mat using Guid(865d86a0412b442418f7964bd70fe5c8) Importer(815301076,1909f56bfc062723c751e8b465ee728b)  -> (artifact id: '720541838bf07b47b552147258398fed') in 0.014018 seconds 
========================================================================
Received Import Request.
  Time since last request: 0.000017 seconds.
  path: Assets/에셋스토어/Fireworks/Rocket 5/Materials/rocket 5 texture.mat
  artifactKey: Guid(05ff0f53c1ea19b4a9634922ffbdf22d) Importer(815301076,1909f56bfc062723c751e8b465ee728b)
Start importing Assets/에셋스토어/Fireworks/Rocket 5/Materials/rocket 5 texture.mat using Guid(05ff0f53c1ea19b4a9634922ffbdf22d) Importer(815301076,1909f56bfc062723c751e8b465ee728b)  -> (artifact id: '002f1e1b3cabbc97b108a7e19c43f40a') in 0.019764 seconds 
========================================================================
Received Import Request.
  Time since last request: 0.000019 seconds.
  path: Assets/GOSU/Blink/Art/Textures/StylizedIceTextures/Snow_4/Snow_4.mat
  artifactKey: Guid(943fd52b029cc644a975474408af416e) Importer(815301076,1909f56bfc062723c751e8b465ee728b)
Start importing Assets/GOSU/Blink/Art/Textures/StylizedIceTextures/Snow_4/Snow_4.mat using Guid(943fd52b029cc644a975474408af416e) Importer(815301076,1909f56bfc062723c751e8b465ee728b)  -> (artifact id: '76eda979f1231d7c4390ff3544acf1a7') in 0.301623 seconds 
========================================================================
Received Import Request.
  Time since last request: 0.000023 seconds.
  path: Assets/GOSU/Blink/Art/Textures/StylizedLavaTextures/Rock_Ground_Cliff_1/Rock_Ground_Cliff_1.mat
  artifactKey: Guid(a74af49949acb0945b8396d6fa7b0bc5) Importer(815301076,1909f56bfc062723c751e8b465ee728b)
Start importing Assets/GOSU/Blink/Art/Textures/StylizedLavaTextures/Rock_Ground_Cliff_1/Rock_Ground_Cliff_1.mat using Guid(a74af49949acb0945b8396d6fa7b0bc5) Importer(815301076,1909f56bfc062723c751e8b465ee728b)  -> (artifact id: 'fcf57d494a1811602a6595f8bc588545') in 0.025765 seconds 
========================================================================
Received Import Request.
  Time since last request: 3.414695 seconds.
  path: Assets/에셋스토어/Fireworks/Firecracker 3/Model/Böller 3 zündschnur.obj
  artifactKey: Guid(73fe244299d2f9448a4ba10b9b41ed75) Importer(815301076,1909f56bfc062723c751e8b465ee728b)
Start importing Assets/에셋스토어/Fireworks/Firecracker 3/Model/Böller 3 zündschnur.obj using Guid(73fe244299d2f9448a4ba10b9b41ed75) Importer(815301076,1909f56bfc062723c751e8b465ee728b)  -> (artifact id: 'ca36e37bb84393a7c1c62c576bd33cb4') in 0.066153 seconds 
========================================================================
Received Import Request.
  Time since last request: 0.000021 seconds.
  path: Assets/에셋스토어/RPG Tiny Hero Duo/Mesh/ModularCharacterPolyart.fbx
  artifactKey: Guid(14ab85c74a636c74baa3ae08a1b410bc) Importer(815301076,1909f56bfc062723c751e8b465ee728b)
Start importing Assets/에셋스토어/RPG Tiny Hero Duo/Mesh/ModularCharacterPolyart.fbx using Guid(14ab85c74a636c74baa3ae08a1b410bc) Importer(815301076,1909f56bfc062723c751e8b465ee728b)  -> (artifact id: '03e591ef1443222447a6c041e15ef78b') in 0.177684 seconds 
========================================================================
Received Import Request.
  Time since last request: 0.000029 seconds.
  path: Assets/에셋스토어/Fireworks/Firecracker 3/Model/Firecracker 3.obj
  artifactKey: Guid(f338e68d7d14d08459aa8587f5ca8684) Importer(815301076,1909f56bfc062723c751e8b465ee728b)
Start importing Assets/에셋스토어/Fireworks/Firecracker 3/Model/Firecracker 3.obj using Guid(f338e68d7d14d08459aa8587f5ca8684) Importer(815301076,1909f56bfc062723c751e8b465ee728b)  -> (artifact id: '47376bfdfe3deadfa7ffc0a3ac855199') in 0.034536 seconds 
========================================================================
Received Import Request.
  Time since last request: 0.000021 seconds.
  path: Assets/에셋스토어/Polygon-Lite Survival Collection/Models/Canned_food_A_01.fbx
  artifactKey: Guid(392ff5165006e464c86c9dbe80cc8d3f) Importer(815301076,1909f56bfc062723c751e8b465ee728b)
Start importing Assets/에셋스토어/Polygon-Lite Survival Collection/Models/Canned_food_A_01.fbx using Guid(392ff5165006e464c86c9dbe80cc8d3f) Importer(815301076,1909f56bfc062723c751e8b465ee728b)  -> (artifact id: '0eb138761c4dadc41eecf92f98a3ccb0') in 0.021201 seconds 
========================================================================
Received Import Request.
  Time since last request: 0.000026 seconds.
  path: Assets/GOSU/LowPolyDungeonsLite/Models/Ground_03.fbx
  artifactKey: Guid(9cf4216d74f9e92458acdc136e73dd07) Importer(815301076,1909f56bfc062723c751e8b465ee728b)
Start importing Assets/GOSU/LowPolyDungeonsLite/Models/Ground_03.fbx using Guid(9cf4216d74f9e92458acdc136e73dd07) Importer(815301076,1909f56bfc062723c751e8b465ee728b)  -> (artifact id: '56ae8f60aee06c297e275727195095ff') in 0.018548 seconds 
========================================================================
Received Import Request.
  Time since last request: 0.000027 seconds.
  path: Assets/GOSU/LowPolyDungeonsLite/Models/Chair_05.fbx
  artifactKey: Guid(d51ff80ee7d069542b138da061286520) Importer(815301076,1909f56bfc062723c751e8b465ee728b)
Start importing Assets/GOSU/LowPolyDungeonsLite/Models/Chair_05.fbx using Guid(d51ff80ee7d069542b138da061286520) Importer(815301076,1909f56bfc062723c751e8b465ee728b)  -> (artifact id: '12f2509a6d625911bf1d374ae7efa2af') in 0.021859 seconds 
========================================================================
Received Import Request.
  Time since last request: 0.000138 seconds.
  path: Assets/에셋스토어/Polygon-Lite Survival Collection/Models/Canned_food_B_01.fbx
  artifactKey: Guid(7e8c8f566be89cc48beb36361168019c) Importer(815301076,1909f56bfc062723c751e8b465ee728b)
Start importing Assets/에셋스토어/Polygon-Lite Survival Collection/Models/Canned_food_B_01.fbx using Guid(7e8c8f566be89cc48beb36361168019c) Importer(815301076,1909f56bfc062723c751e8b465ee728b)  -> (artifact id: '5a8d7ea3e58730be4a812a7496dd1b35') in 0.020542 seconds 
========================================================================
Received Import Request.
  Time since last request: 0.000023 seconds.
  path: Assets/GOSU/LowPolyDungeonsLite/Models/Jug_02.fbx
  artifactKey: Guid(ddaa7d6b7ae32864ebb3dc8ba1c6dd83) Importer(815301076,1909f56bfc062723c751e8b465ee728b)
Start importing Assets/GOSU/LowPolyDungeonsLite/Models/Jug_02.fbx using Guid(ddaa7d6b7ae32864ebb3dc8ba1c6dd83) Importer(815301076,1909f56bfc062723c751e8b465ee728b)  -> (artifact id: '5d058f70c18cc9bbcc76c42ca88a2669') in 0.019840 seconds 
========================================================================
Received Import Request.
  Time since last request: 0.192529 seconds.
  path: Assets/에셋스토어/RPG Tiny Hero Duo/Mesh/OHS03Polyart.fbx
  artifactKey: Guid(3164d361d8955d14c996186ce47ba3bf) Importer(815301076,1909f56bfc062723c751e8b465ee728b)
Start importing Assets/에셋스토어/RPG Tiny Hero Duo/Mesh/OHS03Polyart.fbx using Guid(3164d361d8955d14c996186ce47ba3bf) Importer(815301076,1909f56bfc062723c751e8b465ee728b)  -> (artifact id: '433b978908e338ec62c3053bbc30d144') in 0.025049 seconds 
========================================================================
Received Import Request.
  Time since last request: 0.000027 seconds.
  path: Assets/에셋스토어/RPG Tiny Hero Duo/Mesh/OHS06Polyart.fbx
  artifactKey: Guid(892e5ad366182fd4f823a971e9e16281) Importer(815301076,1909f56bfc062723c751e8b465ee728b)
Start importing Assets/에셋스토어/RPG Tiny Hero Duo/Mesh/OHS06Polyart.fbx using Guid(892e5ad366182fd4f823a971e9e16281) Importer(815301076,1909f56bfc062723c751e8b465ee728b)  -> (artifact id: '1b2ceac1a3b739ade9e235a1a1486f02') in 0.019647 seconds 
========================================================================
Received Import Request.
  Time since last request: 0.000026 seconds.
  path: Assets/에셋스토어/Polygon-Lite Survival Collection/Models/Pan.fbx
  artifactKey: Guid(437d238391a5cc14f8d1f9d229af4592) Importer(815301076,1909f56bfc062723c751e8b465ee728b)
Start importing Assets/에셋스토어/Polygon-Lite Survival Collection/Models/Pan.fbx using Guid(437d238391a5cc14f8d1f9d229af4592) Importer(815301076,1909f56bfc062723c751e8b465ee728b)  -> (artifact id: '649620c38a2cdf2bf65af07bb02b11b6') in 0.015724 seconds 
========================================================================
Received Import Request.
  Time since last request: 0.034005 seconds.
  path: Assets/에셋스토어/Fireworks/Rocket 2/Model/Rocket 2.obj
  artifactKey: Guid(0d20bb95edfe59344bb75fd4898d6cba) Importer(815301076,1909f56bfc062723c751e8b465ee728b)
Start importing Assets/에셋스토어/Fireworks/Rocket 2/Model/Rocket 2.obj using Guid(0d20bb95edfe59344bb75fd4898d6cba) Importer(815301076,1909f56bfc062723c751e8b465ee728b)  -> (artifact id: 'c0f43f33b9c75dba5108bfb610d70148') in 0.025539 seconds 
========================================================================
Received Import Request.
  Time since last request: 0.000022 seconds.
  path: Assets/에셋스토어/Fireworks/Rocket 5/Model/Rocket 5.obj
  artifactKey: Guid(d74f7e8880930dd4aa28bb311e806d66) Importer(815301076,1909f56bfc062723c751e8b465ee728b)
Start importing Assets/에셋스토어/Fireworks/Rocket 5/Model/Rocket 5.obj using Guid(d74f7e8880930dd4aa28bb311e806d66) Importer(815301076,1909f56bfc062723c751e8b465ee728b)  -> (artifact id: '4a7af5a3f64f6e2b586eae6222d44c84') in 0.026394 seconds 
========================================================================
Received Import Request.
  Time since last request: 0.000036 seconds.
  path: Assets/에셋스토어/Fireworks/Rocket 4/Model/Rocket 4.obj
  artifactKey: Guid(af68d8f3f4deeea438334f6ba580c7d7) Importer(815301076,1909f56bfc062723c751e8b465ee728b)
Start importing Assets/에셋스토어/Fireworks/Rocket 4/Model/Rocket 4.obj using Guid(af68d8f3f4deeea438334f6ba580c7d7) Importer(815301076,1909f56bfc062723c751e8b465ee728b)  -> (artifact id: '41ff955d59355d8ad2a4c82d55a940ef') in 0.023395 seconds 
========================================================================
Received Prepare
Registering precompiled user dll's ...
Registered in 0.011975 seconds.
Begin MonoManager ReloadAssembly
Symbol file LoadedFromMemory doesn't match image C:\Users\user\Documents\GitHub\MandarinFarm\unityMF\Library\PackageCache\com.unity.visualscripting@1.7.8\Editor\VisualScripting.Core\Dependencies\YamlDotNet\Unity.VisualScripting.YamlDotNet.dll
Symbol file LoadedFromMemory doesn't match image C:\Users\user\Documents\GitHub\MandarinFarm\unityMF\Library\PackageCache\com.unity.visualscripting@1.7.8\Editor\VisualScripting.Core\Dependencies\DotNetZip\Unity.VisualScripting.IonicZip.dll
Native extension for UWP target not found
Native extension for WindowsStandalone target not found
Native extension for iOS target not found
Native extension for Android target not found
Refreshing native plugins compatible for Editor in 0.70 ms, found 3 plugins.
Preloading 0 native plugins for Editor in 0.00 ms.
Mono: successfully reloaded assembly
- Completed reload, in  1.955 seconds
Domain Reload Profiling:
	ReloadAssembly (1956ms)
		BeginReloadAssembly (289ms)
			ExecutionOrderSort (0ms)
			DisableScriptedObjects (7ms)
			BackupInstance (0ms)
			ReleaseScriptingObjects (0ms)
			CreateAndSetChildDomain (70ms)
		EndReloadAssembly (1469ms)
			LoadAssemblies (218ms)
			RebuildTransferFunctionScriptingTraits (0ms)
			SetupTypeCache (462ms)
			ReleaseScriptCaches (2ms)
			RebuildScriptCaches (72ms)
			SetupLoadedEditorAssemblies (674ms)
				LogAssemblyErrors (0ms)
				InitializePlatformSupportModulesInManaged (63ms)
				SetLoadedEditorAssemblies (1ms)
				RefreshPlugins (1ms)
				BeforeProcessingInitializeOnLoad (157ms)
				ProcessInitializeOnLoadAttributes (373ms)
				ProcessInitializeOnLoadMethodAttributes (53ms)
				AfterProcessingInitializeOnLoad (25ms)
				EditorAssembliesLoaded (0ms)
			ExecutionOrderSort2 (0ms)
			AwakeInstancesAfterBackupRestoration (13ms)
Platform modules already initialized, skipping
Refreshing native plugins compatible for Editor in 4.30 ms, found 3 plugins.
Preloading 0 native plugins for Editor in 0.00 ms.
Unloading 3401 Unused Serialized files (Serialized files now loaded: 0)
Unloading 30 unused Assets / (0.6 MB). Loaded Objects now: 3951.
Memory consumption went from 217.1 MB to 216.4 MB.
Total: 4.956700 ms (FindLiveObjects: 0.370400 ms CreateObjectMapping: 0.266700 ms MarkObjects: 3.907800 ms  DeleteObjects: 0.410500 ms)

AssetImportParameters requested are different than current active one (requested -> active):
  custom:video-decoder-ogg-theora: a1e56fd34408186e4bbccfd4996cb3dc -> 
  custom:container-muxer-webm: aa71ff27fc2769a1b78a27578f13a17b -> 
  custom:container-demuxer-webm: 4f35f7cbe854078d1ac9338744f61a02 -> 
  custom:video-encoder-webm-vp8: eb34c28f22e8b96e1ab97ce403110664 -> 
  custom:audio-encoder-webm-vorbis: bf7c407c2cedff20999df2af8eb42d56 -> 
  custom:framework-win-MediaFoundation: 216162199b28c13a410421893ffa2e32 -> 
  custom:container-demuxer-ogg: 62fdf1f143b41e24485cea50d1cbac27 -> 
  custom:video-decoder-webm-vp8: 9c59270c3fd7afecdb556c50c9e8de78 -> 
  custom:audio-decoder-ogg-vorbis: bf7c407c2cedff20999df2af8eb42d56 -> 
========================================================================
Received Prepare
Registering precompiled user dll's ...
Registered in 0.008747 seconds.
Begin MonoManager ReloadAssembly
Symbol file LoadedFromMemory doesn't match image C:\Users\user\Documents\GitHub\MandarinFarm\unityMF\Library\PackageCache\com.unity.visualscripting@1.7.8\Editor\VisualScripting.Core\Dependencies\YamlDotNet\Unity.VisualScripting.YamlDotNet.dll
Symbol file LoadedFromMemory doesn't match image C:\Users\user\Documents\GitHub\MandarinFarm\unityMF\Library\PackageCache\com.unity.visualscripting@1.7.8\Editor\VisualScripting.Core\Dependencies\DotNetZip\Unity.VisualScripting.IonicZip.dll
Native extension for UWP target not found
Native extension for WindowsStandalone target not found
Native extension for iOS target not found
Native extension for Android target not found
Refreshing native plugins compatible for Editor in 1.06 ms, found 3 plugins.
Preloading 0 native plugins for Editor in 0.00 ms.
Mono: successfully reloaded assembly
- Completed reload, in  1.875 seconds
Domain Reload Profiling:
	ReloadAssembly (1876ms)
		BeginReloadAssembly (265ms)
			ExecutionOrderSort (0ms)
			DisableScriptedObjects (9ms)
			BackupInstance (0ms)
			ReleaseScriptingObjects (0ms)
			CreateAndSetChildDomain (62ms)
		EndReloadAssembly (1444ms)
			LoadAssemblies (191ms)
			RebuildTransferFunctionScriptingTraits (0ms)
			SetupTypeCache (471ms)
			ReleaseScriptCaches (2ms)
			RebuildScriptCaches (84ms)
			SetupLoadedEditorAssemblies (647ms)
				LogAssemblyErrors (0ms)
				InitializePlatformSupportModulesInManaged (75ms)
				SetLoadedEditorAssemblies (1ms)
				RefreshPlugins (1ms)
				BeforeProcessingInitializeOnLoad (148ms)
				ProcessInitializeOnLoadAttributes (348ms)
				ProcessInitializeOnLoadMethodAttributes (48ms)
				AfterProcessingInitializeOnLoad (26ms)
				EditorAssembliesLoaded (0ms)
			ExecutionOrderSort2 (0ms)
			AwakeInstancesAfterBackupRestoration (13ms)
Platform modules already initialized, skipping
Refreshing native plugins compatible for Editor in 3.76 ms, found 3 plugins.
Preloading 0 native plugins for Editor in 0.00 ms.
Unloading 3400 Unused Serialized files (Serialized files now loaded: 0)
Unloading 30 unused Assets / (0.6 MB). Loaded Objects now: 3954.
Memory consumption went from 217.0 MB to 216.3 MB.
Total: 5.301100 ms (FindLiveObjects: 0.400600 ms CreateObjectMapping: 0.306500 ms MarkObjects: 4.064200 ms  DeleteObjects: 0.527900 ms)

AssetImportParameters requested are different than current active one (requested -> active):
  custom:video-decoder-ogg-theora: a1e56fd34408186e4bbccfd4996cb3dc -> 
  custom:container-muxer-webm: aa71ff27fc2769a1b78a27578f13a17b -> 
  custom:container-demuxer-webm: 4f35f7cbe854078d1ac9338744f61a02 -> 
  custom:video-encoder-webm-vp8: eb34c28f22e8b96e1ab97ce403110664 -> 
  custom:audio-encoder-webm-vorbis: bf7c407c2cedff20999df2af8eb42d56 -> 
  custom:framework-win-MediaFoundation: 216162199b28c13a410421893ffa2e32 -> 
  custom:container-demuxer-ogg: 62fdf1f143b41e24485cea50d1cbac27 -> 
  custom:video-decoder-webm-vp8: 9c59270c3fd7afecdb556c50c9e8de78 -> 
  custom:audio-decoder-ogg-vorbis: bf7c407c2cedff20999df2af8eb42d56 -> 
