Using pre-set license
Built from '2021.3/staging' branch; Version is '2021.3.11f1 (0a5ca18544bf) revision 679073'; Using compiler version '192829333'; Build Type 'Release'
OS: 'Windows 11  (10.0.22000) 64bit Professional' Language: 'ko' Physical Memory: 32618 MB
BatchMode: 1, IsHumanControllingUs: 0, StartBugReporterOnCrash: 0, Is64bit: 1, IsPro: 1

COMMAND LINE ARGUMENTS:
C:\Program Files\Unity\Hub\Editor\2021.3.11f1\Editor\Unity.exe
-adb2
-batchMode
-noUpm
-name
AssetImportWorker0
-projectPath
C:/Users/user/Documents/GitHub/MandarinFarm/unityMF
-logFile
Logs/AssetImportWorker0.log
-srvPort
59288
Successfully changed project path to: C:/Users/user/Documents/GitHub/MandarinFarm/unityMF
C:/Users/user/Documents/GitHub/MandarinFarm/unityMF
[UnityMemory] Configuration Parameters - Can be set up in boot.config
    "memorysetup-bucket-allocator-granularity=16"
    "memorysetup-bucket-allocator-bucket-count=8"
    "memorysetup-bucket-allocator-block-size=33554432"
    "memorysetup-bucket-allocator-block-count=8"
    "memorysetup-main-allocator-block-size=16777216"
    "memorysetup-thread-allocator-block-size=16777216"
    "memorysetup-gfx-main-allocator-block-size=16777216"
    "memorysetup-gfx-thread-allocator-block-size=16777216"
    "memorysetup-cache-allocator-block-size=4194304"
    "memorysetup-typetree-allocator-block-size=2097152"
    "memorysetup-profiler-bucket-allocator-granularity=16"
    "memorysetup-profiler-bucket-allocator-bucket-count=8"
    "memorysetup-profiler-bucket-allocator-block-size=33554432"
    "memorysetup-profiler-bucket-allocator-block-count=8"
    "memorysetup-profiler-allocator-block-size=16777216"
    "memorysetup-profiler-editor-allocator-block-size=1048576"
    "memorysetup-temp-allocator-size-main=16777216"
    "memorysetup-job-temp-allocator-block-size=2097152"
    "memorysetup-job-temp-allocator-block-size-background=1048576"
    "memorysetup-job-temp-allocator-reduction-small-platforms=262144"
    "memorysetup-temp-allocator-size-background-worker=32768"
    "memorysetup-temp-allocator-size-job-worker=262144"
    "memorysetup-temp-allocator-size-preload-manager=33554432"
    "memorysetup-temp-allocator-size-nav-mesh-worker=65536"
    "memorysetup-temp-allocator-size-audio-worker=65536"
    "memorysetup-temp-allocator-size-cloud-worker=32768"
    "memorysetup-temp-allocator-size-gi-baking-worker=262144"
    "memorysetup-temp-allocator-size-gfx=262144"
Refreshing native plugins compatible for Editor in 85.59 ms, found 3 plugins.
Preloading 0 native plugins for Editor in 0.00 ms.
Initialize engine version: 2021.3.11f1 (0a5ca18544bf)
[Subsystems] Discovering subsystems at path C:/Program Files/Unity/Hub/Editor/2021.3.11f1/Editor/Data/Resources/UnitySubsystems
[Subsystems] Discovering subsystems at path C:/Users/user/Documents/GitHub/MandarinFarm/unityMF/Assets
GfxDevice: creating device client; threaded=0; jobified=0
Direct3D:
    Version:  Direct3D 11.0 [level 11.1]
    Renderer: NVIDIA GeForce GTX 1660 Ti (ID=0x2191)
    Vendor:   NVIDIA
    VRAM:     5991 MB
    Driver:   31.0.15.1659
Initialize mono
Mono path[0] = 'C:/Program Files/Unity/Hub/Editor/2021.3.11f1/Editor/Data/Managed'
Mono path[1] = 'C:/Program Files/Unity/Hub/Editor/2021.3.11f1/Editor/Data/MonoBleedingEdge/lib/mono/unityjit-win32'
Mono config path = 'C:/Program Files/Unity/Hub/Editor/2021.3.11f1/Editor/Data/MonoBleedingEdge/etc'
Using monoOptions --debugger-agent=transport=dt_socket,embedding=1,server=y,suspend=n,address=127.0.0.1:56440
Begin MonoManager ReloadAssembly
Registering precompiled unity dll's ...
Register platform support module: C:/Program Files/Unity/Hub/Editor/2021.3.11f1/Editor/Data/PlaybackEngines/AndroidPlayer/UnityEditor.Android.Extensions.dll
Register platform support module: C:/Program Files/Unity/Hub/Editor/2021.3.11f1/Editor/Data/PlaybackEngines/iOSSupport/UnityEditor.iOS.Extensions.dll
Register platform support module: C:/Program Files/Unity/Hub/Editor/2021.3.11f1/Editor/Data/PlaybackEngines/WindowsStandaloneSupport/UnityEditor.WindowsStandalone.Extensions.dll
Register platform support module: C:/Program Files/Unity/Hub/Editor/2021.3.11f1/Editor/Data/PlaybackEngines/MetroSupport/UnityEditor.UWP.Extensions.dll
Registered in 0.024875 seconds.
Native extension for UWP target not found
Native extension for WindowsStandalone target not found
[usbmuxd] Start listen thread
[usbmuxd] Listen thread started
Native extension for iOS target not found
Native extension for Android target not found
Refreshing native plugins compatible for Editor in 84.97 ms, found 3 plugins.
Preloading 0 native plugins for Editor in 0.00 ms.
Mono: successfully reloaded assembly
- Completed reload, in  0.878 seconds
Domain Reload Profiling:
	ReloadAssembly (879ms)
		BeginReloadAssembly (118ms)
			ExecutionOrderSort (0ms)
			DisableScriptedObjects (0ms)
			BackupInstance (0ms)
			ReleaseScriptingObjects (0ms)
			CreateAndSetChildDomain (1ms)
		EndReloadAssembly (602ms)
			LoadAssemblies (114ms)
			RebuildTransferFunctionScriptingTraits (0ms)
			SetupTypeCache (153ms)
			ReleaseScriptCaches (0ms)
			RebuildScriptCaches (33ms)
			SetupLoadedEditorAssemblies (339ms)
				LogAssemblyErrors (0ms)
				InitializePlatformSupportModulesInManaged (85ms)
				SetLoadedEditorAssemblies (0ms)
				RefreshPlugins (85ms)
				BeforeProcessingInitializeOnLoad (2ms)
				ProcessInitializeOnLoadAttributes (111ms)
				ProcessInitializeOnLoadMethodAttributes (56ms)
				AfterProcessingInitializeOnLoad (0ms)
				EditorAssembliesLoaded (0ms)
			ExecutionOrderSort2 (0ms)
			AwakeInstancesAfterBackupRestoration (0ms)
Platform modules already initialized, skipping
Registering precompiled user dll's ...
Registered in 0.016968 seconds.
Begin MonoManager ReloadAssembly
Symbol file LoadedFromMemory doesn't match image C:\Users\user\Documents\GitHub\MandarinFarm\unityMF\Library\PackageCache\com.unity.visualscripting@1.7.8\Editor\VisualScripting.Core\Dependencies\YamlDotNet\Unity.VisualScripting.YamlDotNet.dll
Symbol file LoadedFromMemory doesn't match image C:\Users\user\Documents\GitHub\MandarinFarm\unityMF\Library\PackageCache\com.unity.visualscripting@1.7.8\Editor\VisualScripting.Core\Dependencies\DotNetZip\Unity.VisualScripting.IonicZip.dll
Native extension for UWP target not found
Native extension for WindowsStandalone target not found
Native extension for iOS target not found
Native extension for Android target not found
Refreshing native plugins compatible for Editor in 0.64 ms, found 3 plugins.
Preloading 0 native plugins for Editor in 0.00 ms.
Mono: successfully reloaded assembly
- Completed reload, in  1.492 seconds
Domain Reload Profiling:
	ReloadAssembly (1494ms)
		BeginReloadAssembly (289ms)
			ExecutionOrderSort (0ms)
			DisableScriptedObjects (7ms)
			BackupInstance (0ms)
			ReleaseScriptingObjects (0ms)
			CreateAndSetChildDomain (127ms)
		EndReloadAssembly (1039ms)
			LoadAssemblies (156ms)
			RebuildTransferFunctionScriptingTraits (0ms)
			SetupTypeCache (298ms)
			ReleaseScriptCaches (1ms)
			RebuildScriptCaches (69ms)
			SetupLoadedEditorAssemblies (494ms)
				LogAssemblyErrors (0ms)
				InitializePlatformSupportModulesInManaged (37ms)
				SetLoadedEditorAssemblies (1ms)
				RefreshPlugins (1ms)
				BeforeProcessingInitializeOnLoad (124ms)
				ProcessInitializeOnLoadAttributes (269ms)
				ProcessInitializeOnLoadMethodAttributes (36ms)
				AfterProcessingInitializeOnLoad (25ms)
				EditorAssembliesLoaded (0ms)
			ExecutionOrderSort2 (0ms)
			AwakeInstancesAfterBackupRestoration (8ms)
Platform modules already initialized, skipping
========================================================================
Worker process is ready to serve import requests
Launched and connected shader compiler UnityShaderCompiler.exe after 0.04 seconds
Refreshing native plugins compatible for Editor in 0.61 ms, found 3 plugins.
Preloading 0 native plugins for Editor in 0.00 ms.
Unloading 3395 Unused Serialized files (Serialized files now loaded: 0)
Unloading 25 unused Assets / (56.6 KB). Loaded Objects now: 3863.
Memory consumption went from 197.1 MB to 197.0 MB.
Total: 3.635600 ms (FindLiveObjects: 0.272300 ms CreateObjectMapping: 0.276100 ms MarkObjects: 3.000400 ms  DeleteObjects: 0.085800 ms)

AssetImportParameters requested are different than current active one (requested -> active):
  custom:video-decoder-ogg-theora: a1e56fd34408186e4bbccfd4996cb3dc -> 
  custom:container-muxer-webm: aa71ff27fc2769a1b78a27578f13a17b -> 
  custom:container-demuxer-webm: 4f35f7cbe854078d1ac9338744f61a02 -> 
  custom:video-encoder-webm-vp8: eb34c28f22e8b96e1ab97ce403110664 -> 
  custom:audio-encoder-webm-vorbis: bf7c407c2cedff20999df2af8eb42d56 -> 
  custom:framework-win-MediaFoundation: 216162199b28c13a410421893ffa2e32 -> 
  custom:container-demuxer-ogg: 62fdf1f143b41e24485cea50d1cbac27 -> 
  custom:video-decoder-webm-vp8: 9c59270c3fd7afecdb556c50c9e8de78 -> 
  custom:audio-decoder-ogg-vorbis: bf7c407c2cedff20999df2af8eb42d56 -> 
========================================================================
Received Import Request.
  Time since last request: 18857.730074 seconds.
  path: Assets/GOSU/LowPolyDungeonsLite_Demo.unity
  artifactKey: Guid(b0536fdf93c6f5f4295a8f3190261d7d) Importer(815301076,1909f56bfc062723c751e8b465ee728b)
Start importing Assets/GOSU/LowPolyDungeonsLite_Demo.unity using Guid(b0536fdf93c6f5f4295a8f3190261d7d) Importer(815301076,1909f56bfc062723c751e8b465ee728b)  -> (artifact id: '7f8cd041ec63195872e181648fb79aff') in 0.020375 seconds 
========================================================================
Received Import Request.
  Time since last request: 204.325574 seconds.
  path: Assets/GOSU/1BECC311-83F9-4944-8222-DF50312774D5.png
  artifactKey: Guid(26ff38b7fbf00304e9432f34da62464c) Importer(815301076,1909f56bfc062723c751e8b465ee728b)
Start importing Assets/GOSU/1BECC311-83F9-4944-8222-DF50312774D5.png using Guid(26ff38b7fbf00304e9432f34da62464c) Importer(815301076,1909f56bfc062723c751e8b465ee728b)  -> (artifact id: 'a43bd602708b77ecbc5415b4d1fe59b1') in 0.118044 seconds 
========================================================================
Received Prepare
Registering precompiled user dll's ...
Registered in 0.010067 seconds.
Begin MonoManager ReloadAssembly
Symbol file LoadedFromMemory doesn't match image C:\Users\user\Documents\GitHub\MandarinFarm\unityMF\Library\PackageCache\com.unity.visualscripting@1.7.8\Editor\VisualScripting.Core\Dependencies\YamlDotNet\Unity.VisualScripting.YamlDotNet.dll
Symbol file LoadedFromMemory doesn't match image C:\Users\user\Documents\GitHub\MandarinFarm\unityMF\Library\PackageCache\com.unity.visualscripting@1.7.8\Editor\VisualScripting.Core\Dependencies\DotNetZip\Unity.VisualScripting.IonicZip.dll
Native extension for UWP target not found
Native extension for WindowsStandalone target not found
Native extension for iOS target not found
Native extension for Android target not found
Refreshing native plugins compatible for Editor in 0.89 ms, found 3 plugins.
Preloading 0 native plugins for Editor in 0.00 ms.
Mono: successfully reloaded assembly
- Completed reload, in  1.776 seconds
Domain Reload Profiling:
	ReloadAssembly (1777ms)
		BeginReloadAssembly (278ms)
			ExecutionOrderSort (0ms)
			DisableScriptedObjects (7ms)
			BackupInstance (0ms)
			ReleaseScriptingObjects (0ms)
			CreateAndSetChildDomain (59ms)
		EndReloadAssembly (1312ms)
			LoadAssemblies (195ms)
			RebuildTransferFunctionScriptingTraits (0ms)
			SetupTypeCache (432ms)
			ReleaseScriptCaches (2ms)
			RebuildScriptCaches (73ms)
			SetupLoadedEditorAssemblies (574ms)
				LogAssemblyErrors (0ms)
				InitializePlatformSupportModulesInManaged (70ms)
				SetLoadedEditorAssemblies (1ms)
				RefreshPlugins (1ms)
				BeforeProcessingInitializeOnLoad (155ms)
				ProcessInitializeOnLoadAttributes (286ms)
				ProcessInitializeOnLoadMethodAttributes (43ms)
				AfterProcessingInitializeOnLoad (19ms)
				EditorAssembliesLoaded (0ms)
			ExecutionOrderSort2 (0ms)
			AwakeInstancesAfterBackupRestoration (9ms)
Platform modules already initialized, skipping
Refreshing native plugins compatible for Editor in 3.42 ms, found 3 plugins.
Preloading 0 native plugins for Editor in 0.00 ms.
Unloading 3388 Unused Serialized files (Serialized files now loaded: 0)
Unloading 18 unused Assets / (24.7 KB). Loaded Objects now: 3869.
Memory consumption went from 196.9 MB to 196.8 MB.
Total: 3.674900 ms (FindLiveObjects: 0.260600 ms CreateObjectMapping: 0.169300 ms MarkObjects: 3.221100 ms  DeleteObjects: 0.022800 ms)

AssetImportParameters requested are different than current active one (requested -> active):
  custom:video-decoder-ogg-theora: a1e56fd34408186e4bbccfd4996cb3dc -> 
  custom:container-muxer-webm: aa71ff27fc2769a1b78a27578f13a17b -> 
  custom:container-demuxer-webm: 4f35f7cbe854078d1ac9338744f61a02 -> 
  custom:video-encoder-webm-vp8: eb34c28f22e8b96e1ab97ce403110664 -> 
  custom:audio-encoder-webm-vorbis: bf7c407c2cedff20999df2af8eb42d56 -> 
  custom:framework-win-MediaFoundation: 216162199b28c13a410421893ffa2e32 -> 
  custom:container-demuxer-ogg: 62fdf1f143b41e24485cea50d1cbac27 -> 
  custom:video-decoder-webm-vp8: 9c59270c3fd7afecdb556c50c9e8de78 -> 
  custom:audio-decoder-ogg-vorbis: bf7c407c2cedff20999df2af8eb42d56 -> 
========================================================================
Received Prepare
Registering precompiled user dll's ...
Registered in 0.011503 seconds.
Begin MonoManager ReloadAssembly
Symbol file LoadedFromMemory doesn't match image C:\Users\user\Documents\GitHub\MandarinFarm\unityMF\Library\PackageCache\com.unity.visualscripting@1.7.8\Editor\VisualScripting.Core\Dependencies\YamlDotNet\Unity.VisualScripting.YamlDotNet.dll
Symbol file LoadedFromMemory doesn't match image C:\Users\user\Documents\GitHub\MandarinFarm\unityMF\Library\PackageCache\com.unity.visualscripting@1.7.8\Editor\VisualScripting.Core\Dependencies\DotNetZip\Unity.VisualScripting.IonicZip.dll
Native extension for UWP target not found
Native extension for WindowsStandalone target not found
Native extension for iOS target not found
Native extension for Android target not found
Refreshing native plugins compatible for Editor in 0.95 ms, found 3 plugins.
Preloading 0 native plugins for Editor in 0.00 ms.
Mono: successfully reloaded assembly
- Completed reload, in  1.776 seconds
Domain Reload Profiling:
	ReloadAssembly (1777ms)
		BeginReloadAssembly (229ms)
			ExecutionOrderSort (0ms)
			DisableScriptedObjects (7ms)
			BackupInstance (0ms)
			ReleaseScriptingObjects (0ms)
			CreateAndSetChildDomain (50ms)
		EndReloadAssembly (1388ms)
			LoadAssemblies (178ms)
			RebuildTransferFunctionScriptingTraits (0ms)
			SetupTypeCache (442ms)
			ReleaseScriptCaches (2ms)
			RebuildScriptCaches (68ms)
			SetupLoadedEditorAssemblies (650ms)
				LogAssemblyErrors (0ms)
				InitializePlatformSupportModulesInManaged (75ms)
				SetLoadedEditorAssemblies (1ms)
				RefreshPlugins (1ms)
				BeforeProcessingInitializeOnLoad (161ms)
				ProcessInitializeOnLoadAttributes (338ms)
				ProcessInitializeOnLoadMethodAttributes (50ms)
				AfterProcessingInitializeOnLoad (24ms)
				EditorAssembliesLoaded (0ms)
			ExecutionOrderSort2 (0ms)
			AwakeInstancesAfterBackupRestoration (10ms)
Platform modules already initialized, skipping
Refreshing native plugins compatible for Editor in 3.62 ms, found 3 plugins.
Preloading 0 native plugins for Editor in 0.00 ms.
Unloading 3388 Unused Serialized files (Serialized files now loaded: 0)
Unloading 18 unused Assets / (24.6 KB). Loaded Objects now: 3872.
Memory consumption went from 196.9 MB to 196.8 MB.
Total: 4.368000 ms (FindLiveObjects: 0.302500 ms CreateObjectMapping: 0.203300 ms MarkObjects: 3.834300 ms  DeleteObjects: 0.026800 ms)

AssetImportParameters requested are different than current active one (requested -> active):
  custom:video-decoder-ogg-theora: a1e56fd34408186e4bbccfd4996cb3dc -> 
  custom:container-muxer-webm: aa71ff27fc2769a1b78a27578f13a17b -> 
  custom:container-demuxer-webm: 4f35f7cbe854078d1ac9338744f61a02 -> 
  custom:video-encoder-webm-vp8: eb34c28f22e8b96e1ab97ce403110664 -> 
  custom:audio-encoder-webm-vorbis: bf7c407c2cedff20999df2af8eb42d56 -> 
  custom:framework-win-MediaFoundation: 216162199b28c13a410421893ffa2e32 -> 
  custom:container-demuxer-ogg: 62fdf1f143b41e24485cea50d1cbac27 -> 
  custom:video-decoder-webm-vp8: 9c59270c3fd7afecdb556c50c9e8de78 -> 
  custom:audio-decoder-ogg-vorbis: bf7c407c2cedff20999df2af8eb42d56 -> 
========================================================================
Received Prepare
Registering precompiled user dll's ...
Registered in 0.010660 seconds.
Begin MonoManager ReloadAssembly
Symbol file LoadedFromMemory doesn't match image C:\Users\user\Documents\GitHub\MandarinFarm\unityMF\Library\PackageCache\com.unity.visualscripting@1.7.8\Editor\VisualScripting.Core\Dependencies\YamlDotNet\Unity.VisualScripting.YamlDotNet.dll
Symbol file LoadedFromMemory doesn't match image C:\Users\user\Documents\GitHub\MandarinFarm\unityMF\Library\PackageCache\com.unity.visualscripting@1.7.8\Editor\VisualScripting.Core\Dependencies\DotNetZip\Unity.VisualScripting.IonicZip.dll
Native extension for UWP target not found
Native extension for WindowsStandalone target not found
Native extension for iOS target not found
Native extension for Android target not found
Refreshing native plugins compatible for Editor in 1.47 ms, found 3 plugins.
Preloading 0 native plugins for Editor in 0.00 ms.
Mono: successfully reloaded assembly
- Completed reload, in  1.796 seconds
Domain Reload Profiling:
	ReloadAssembly (1797ms)
		BeginReloadAssembly (246ms)
			ExecutionOrderSort (0ms)
			DisableScriptedObjects (7ms)
			BackupInstance (0ms)
			ReleaseScriptingObjects (0ms)
			CreateAndSetChildDomain (48ms)
		EndReloadAssembly (1399ms)
			LoadAssemblies (181ms)
			RebuildTransferFunctionScriptingTraits (0ms)
			SetupTypeCache (433ms)
			ReleaseScriptCaches (2ms)
			RebuildScriptCaches (69ms)
			SetupLoadedEditorAssemblies (672ms)
				LogAssemblyErrors (0ms)
				InitializePlatformSupportModulesInManaged (70ms)
				SetLoadedEditorAssemblies (1ms)
				RefreshPlugins (2ms)
				BeforeProcessingInitializeOnLoad (172ms)
				ProcessInitializeOnLoadAttributes (354ms)
				ProcessInitializeOnLoadMethodAttributes (48ms)
				AfterProcessingInitializeOnLoad (26ms)
				EditorAssembliesLoaded (0ms)
			ExecutionOrderSort2 (0ms)
			AwakeInstancesAfterBackupRestoration (11ms)
Platform modules already initialized, skipping
Refreshing native plugins compatible for Editor in 2.68 ms, found 3 plugins.
Preloading 0 native plugins for Editor in 0.00 ms.
Unloading 3388 Unused Serialized files (Serialized files now loaded: 0)
Unloading 18 unused Assets / (24.7 KB). Loaded Objects now: 3875.
Memory consumption went from 196.9 MB to 196.8 MB.
Total: 3.485900 ms (FindLiveObjects: 0.257100 ms CreateObjectMapping: 0.166100 ms MarkObjects: 3.037500 ms  DeleteObjects: 0.024200 ms)

AssetImportParameters requested are different than current active one (requested -> active):
  custom:video-decoder-ogg-theora: a1e56fd34408186e4bbccfd4996cb3dc -> 
  custom:container-muxer-webm: aa71ff27fc2769a1b78a27578f13a17b -> 
  custom:container-demuxer-webm: 4f35f7cbe854078d1ac9338744f61a02 -> 
  custom:video-encoder-webm-vp8: eb34c28f22e8b96e1ab97ce403110664 -> 
  custom:audio-encoder-webm-vorbis: bf7c407c2cedff20999df2af8eb42d56 -> 
  custom:framework-win-MediaFoundation: 216162199b28c13a410421893ffa2e32 -> 
  custom:container-demuxer-ogg: 62fdf1f143b41e24485cea50d1cbac27 -> 
  custom:video-decoder-webm-vp8: 9c59270c3fd7afecdb556c50c9e8de78 -> 
  custom:audio-decoder-ogg-vorbis: bf7c407c2cedff20999df2af8eb42d56 -> 
========================================================================
Received Prepare
Registering precompiled user dll's ...
Registered in 0.014553 seconds.
Begin MonoManager ReloadAssembly
Symbol file LoadedFromMemory doesn't match image C:\Users\user\Documents\GitHub\MandarinFarm\unityMF\Library\PackageCache\com.unity.visualscripting@1.7.8\Editor\VisualScripting.Core\Dependencies\YamlDotNet\Unity.VisualScripting.YamlDotNet.dll
Symbol file LoadedFromMemory doesn't match image C:\Users\user\Documents\GitHub\MandarinFarm\unityMF\Library\PackageCache\com.unity.visualscripting@1.7.8\Editor\VisualScripting.Core\Dependencies\DotNetZip\Unity.VisualScripting.IonicZip.dll
Native extension for UWP target not found
Native extension for WindowsStandalone target not found
Native extension for iOS target not found
Native extension for Android target not found
Refreshing native plugins compatible for Editor in 0.82 ms, found 3 plugins.
Preloading 0 native plugins for Editor in 0.00 ms.
Mono: successfully reloaded assembly
- Completed reload, in  1.785 seconds
Domain Reload Profiling:
	ReloadAssembly (1786ms)
		BeginReloadAssembly (240ms)
			ExecutionOrderSort (0ms)
			DisableScriptedObjects (7ms)
			BackupInstance (0ms)
			ReleaseScriptingObjects (0ms)
			CreateAndSetChildDomain (43ms)
		EndReloadAssembly (1372ms)
			LoadAssemblies (191ms)
			RebuildTransferFunctionScriptingTraits (0ms)
			SetupTypeCache (430ms)
			ReleaseScriptCaches (2ms)
			RebuildScriptCaches (70ms)
			SetupLoadedEditorAssemblies (629ms)
				LogAssemblyErrors (0ms)
				InitializePlatformSupportModulesInManaged (74ms)
				SetLoadedEditorAssemblies (1ms)
				RefreshPlugins (1ms)
				BeforeProcessingInitializeOnLoad (149ms)
				ProcessInitializeOnLoadAttributes (332ms)
				ProcessInitializeOnLoadMethodAttributes (44ms)
				AfterProcessingInitializeOnLoad (29ms)
				EditorAssembliesLoaded (0ms)
			ExecutionOrderSort2 (0ms)
			AwakeInstancesAfterBackupRestoration (10ms)
Platform modules already initialized, skipping
Refreshing native plugins compatible for Editor in 3.37 ms, found 3 plugins.
Preloading 0 native plugins for Editor in 0.00 ms.
Unloading 3388 Unused Serialized files (Serialized files now loaded: 0)
Unloading 18 unused Assets / (24.7 KB). Loaded Objects now: 3878.
Memory consumption went from 196.9 MB to 196.9 MB.
Total: 3.653500 ms (FindLiveObjects: 0.307800 ms CreateObjectMapping: 0.196400 ms MarkObjects: 3.118800 ms  DeleteObjects: 0.029200 ms)

AssetImportParameters requested are different than current active one (requested -> active):
  custom:video-decoder-ogg-theora: a1e56fd34408186e4bbccfd4996cb3dc -> 
  custom:container-muxer-webm: aa71ff27fc2769a1b78a27578f13a17b -> 
  custom:container-demuxer-webm: 4f35f7cbe854078d1ac9338744f61a02 -> 
  custom:video-encoder-webm-vp8: eb34c28f22e8b96e1ab97ce403110664 -> 
  custom:audio-encoder-webm-vorbis: bf7c407c2cedff20999df2af8eb42d56 -> 
  custom:framework-win-MediaFoundation: 216162199b28c13a410421893ffa2e32 -> 
  custom:container-demuxer-ogg: 62fdf1f143b41e24485cea50d1cbac27 -> 
  custom:video-decoder-webm-vp8: 9c59270c3fd7afecdb556c50c9e8de78 -> 
  custom:audio-decoder-ogg-vorbis: bf7c407c2cedff20999df2af8eb42d56 -> 
========================================================================
Received Prepare
Registering precompiled user dll's ...
Registered in 0.013678 seconds.
Begin MonoManager ReloadAssembly
Symbol file LoadedFromMemory doesn't match image C:\Users\user\Documents\GitHub\MandarinFarm\unityMF\Library\PackageCache\com.unity.visualscripting@1.7.8\Editor\VisualScripting.Core\Dependencies\YamlDotNet\Unity.VisualScripting.YamlDotNet.dll
Symbol file LoadedFromMemory doesn't match image C:\Users\user\Documents\GitHub\MandarinFarm\unityMF\Library\PackageCache\com.unity.visualscripting@1.7.8\Editor\VisualScripting.Core\Dependencies\DotNetZip\Unity.VisualScripting.IonicZip.dll
Native extension for UWP target not found
Native extension for WindowsStandalone target not found
Native extension for iOS target not found
Native extension for Android target not found
Refreshing native plugins compatible for Editor in 1.10 ms, found 3 plugins.
Preloading 0 native plugins for Editor in 0.00 ms.
Mono: successfully reloaded assembly
- Completed reload, in  1.837 seconds
Domain Reload Profiling:
	ReloadAssembly (1838ms)
		BeginReloadAssembly (207ms)
			ExecutionOrderSort (0ms)
			DisableScriptedObjects (9ms)
			BackupInstance (0ms)
			ReleaseScriptingObjects (0ms)
			CreateAndSetChildDomain (41ms)
		EndReloadAssembly (1468ms)
			LoadAssemblies (155ms)
			RebuildTransferFunctionScriptingTraits (0ms)
			SetupTypeCache (455ms)
			ReleaseScriptCaches (2ms)
			RebuildScriptCaches (103ms)
			SetupLoadedEditorAssemblies (627ms)
				LogAssemblyErrors (0ms)
				InitializePlatformSupportModulesInManaged (71ms)
				SetLoadedEditorAssemblies (1ms)
				RefreshPlugins (1ms)
				BeforeProcessingInitializeOnLoad (158ms)
				ProcessInitializeOnLoadAttributes (325ms)
				ProcessInitializeOnLoadMethodAttributes (48ms)
				AfterProcessingInitializeOnLoad (22ms)
				EditorAssembliesLoaded (0ms)
			ExecutionOrderSort2 (0ms)
			AwakeInstancesAfterBackupRestoration (10ms)
Platform modules already initialized, skipping
Refreshing native plugins compatible for Editor in 4.46 ms, found 3 plugins.
Preloading 0 native plugins for Editor in 0.00 ms.
Unloading 3388 Unused Serialized files (Serialized files now loaded: 0)
Unloading 18 unused Assets / (24.7 KB). Loaded Objects now: 3881.
Memory consumption went from 196.9 MB to 196.9 MB.
Total: 3.981800 ms (FindLiveObjects: 0.324500 ms CreateObjectMapping: 0.207800 ms MarkObjects: 3.418700 ms  DeleteObjects: 0.028600 ms)

AssetImportParameters requested are different than current active one (requested -> active):
  custom:video-decoder-ogg-theora: a1e56fd34408186e4bbccfd4996cb3dc -> 
  custom:container-muxer-webm: aa71ff27fc2769a1b78a27578f13a17b -> 
  custom:container-demuxer-webm: 4f35f7cbe854078d1ac9338744f61a02 -> 
  custom:video-encoder-webm-vp8: eb34c28f22e8b96e1ab97ce403110664 -> 
  custom:audio-encoder-webm-vorbis: bf7c407c2cedff20999df2af8eb42d56 -> 
  custom:framework-win-MediaFoundation: 216162199b28c13a410421893ffa2e32 -> 
  custom:container-demuxer-ogg: 62fdf1f143b41e24485cea50d1cbac27 -> 
  custom:video-decoder-webm-vp8: 9c59270c3fd7afecdb556c50c9e8de78 -> 
  custom:audio-decoder-ogg-vorbis: bf7c407c2cedff20999df2af8eb42d56 -> 
========================================================================
Received Prepare
Registering precompiled user dll's ...
Registered in 0.018388 seconds.
Begin MonoManager ReloadAssembly
Symbol file LoadedFromMemory doesn't match image C:\Users\user\Documents\GitHub\MandarinFarm\unityMF\Library\PackageCache\com.unity.visualscripting@1.7.8\Editor\VisualScripting.Core\Dependencies\YamlDotNet\Unity.VisualScripting.YamlDotNet.dll
Symbol file LoadedFromMemory doesn't match image C:\Users\user\Documents\GitHub\MandarinFarm\unityMF\Library\PackageCache\com.unity.visualscripting@1.7.8\Editor\VisualScripting.Core\Dependencies\DotNetZip\Unity.VisualScripting.IonicZip.dll
Native extension for UWP target not found
Native extension for WindowsStandalone target not found
Native extension for iOS target not found
Native extension for Android target not found
Refreshing native plugins compatible for Editor in 0.89 ms, found 3 plugins.
Preloading 0 native plugins for Editor in 0.00 ms.
Mono: successfully reloaded assembly
- Completed reload, in  1.798 seconds
Domain Reload Profiling:
	ReloadAssembly (1800ms)
		BeginReloadAssembly (257ms)
			ExecutionOrderSort (0ms)
			DisableScriptedObjects (7ms)
			BackupInstance (0ms)
			ReleaseScriptingObjects (0ms)
			CreateAndSetChildDomain (55ms)
		EndReloadAssembly (1358ms)
			LoadAssemblies (203ms)
			RebuildTransferFunctionScriptingTraits (0ms)
			SetupTypeCache (428ms)
			ReleaseScriptCaches (1ms)
			RebuildScriptCaches (67ms)
			SetupLoadedEditorAssemblies (615ms)
				LogAssemblyErrors (0ms)
				InitializePlatformSupportModulesInManaged (72ms)
				SetLoadedEditorAssemblies (1ms)
				RefreshPlugins (1ms)
				BeforeProcessingInitializeOnLoad (146ms)
				ProcessInitializeOnLoadAttributes (326ms)
				ProcessInitializeOnLoadMethodAttributes (45ms)
				AfterProcessingInitializeOnLoad (24ms)
				EditorAssembliesLoaded (0ms)
			ExecutionOrderSort2 (0ms)
			AwakeInstancesAfterBackupRestoration (10ms)
Platform modules already initialized, skipping
Refreshing native plugins compatible for Editor in 3.62 ms, found 3 plugins.
Preloading 0 native plugins for Editor in 0.00 ms.
Unloading 3388 Unused Serialized files (Serialized files now loaded: 0)
Unloading 18 unused Assets / (24.6 KB). Loaded Objects now: 3884.
Memory consumption went from 196.9 MB to 196.9 MB.
Total: 4.231300 ms (FindLiveObjects: 0.484500 ms CreateObjectMapping: 0.227000 ms MarkObjects: 3.489300 ms  DeleteObjects: 0.028900 ms)

AssetImportParameters requested are different than current active one (requested -> active):
  custom:video-decoder-ogg-theora: a1e56fd34408186e4bbccfd4996cb3dc -> 
  custom:container-muxer-webm: aa71ff27fc2769a1b78a27578f13a17b -> 
  custom:container-demuxer-webm: 4f35f7cbe854078d1ac9338744f61a02 -> 
  custom:video-encoder-webm-vp8: eb34c28f22e8b96e1ab97ce403110664 -> 
  custom:audio-encoder-webm-vorbis: bf7c407c2cedff20999df2af8eb42d56 -> 
  custom:framework-win-MediaFoundation: 216162199b28c13a410421893ffa2e32 -> 
  custom:container-demuxer-ogg: 62fdf1f143b41e24485cea50d1cbac27 -> 
  custom:video-decoder-webm-vp8: 9c59270c3fd7afecdb556c50c9e8de78 -> 
  custom:audio-decoder-ogg-vorbis: bf7c407c2cedff20999df2af8eb42d56 -> 
========================================================================
Received Prepare
Registering precompiled user dll's ...
Registered in 0.013946 seconds.
Begin MonoManager ReloadAssembly
Symbol file LoadedFromMemory doesn't match image C:\Users\user\Documents\GitHub\MandarinFarm\unityMF\Library\PackageCache\com.unity.visualscripting@1.7.8\Editor\VisualScripting.Core\Dependencies\YamlDotNet\Unity.VisualScripting.YamlDotNet.dll
Symbol file LoadedFromMemory doesn't match image C:\Users\user\Documents\GitHub\MandarinFarm\unityMF\Library\PackageCache\com.unity.visualscripting@1.7.8\Editor\VisualScripting.Core\Dependencies\DotNetZip\Unity.VisualScripting.IonicZip.dll
Native extension for UWP target not found
Native extension for WindowsStandalone target not found
Native extension for iOS target not found
Native extension for Android target not found
Refreshing native plugins compatible for Editor in 0.78 ms, found 3 plugins.
Preloading 0 native plugins for Editor in 0.00 ms.
Mono: successfully reloaded assembly
- Completed reload, in  1.736 seconds
Domain Reload Profiling:
	ReloadAssembly (1737ms)
		BeginReloadAssembly (202ms)
			ExecutionOrderSort (0ms)
			DisableScriptedObjects (7ms)
			BackupInstance (0ms)
			ReleaseScriptingObjects (0ms)
			CreateAndSetChildDomain (43ms)
		EndReloadAssembly (1400ms)
			LoadAssemblies (155ms)
			RebuildTransferFunctionScriptingTraits (0ms)
			SetupTypeCache (439ms)
			ReleaseScriptCaches (2ms)
			RebuildScriptCaches (73ms)
			SetupLoadedEditorAssemblies (651ms)
				LogAssemblyErrors (0ms)
				InitializePlatformSupportModulesInManaged (75ms)
				SetLoadedEditorAssemblies (1ms)
				RefreshPlugins (1ms)
				BeforeProcessingInitializeOnLoad (149ms)
				ProcessInitializeOnLoadAttributes (343ms)
				ProcessInitializeOnLoadMethodAttributes (50ms)
				AfterProcessingInitializeOnLoad (31ms)
				EditorAssembliesLoaded (0ms)
			ExecutionOrderSort2 (0ms)
			AwakeInstancesAfterBackupRestoration (10ms)
Platform modules already initialized, skipping
Refreshing native plugins compatible for Editor in 3.39 ms, found 3 plugins.
Preloading 0 native plugins for Editor in 0.00 ms.
Unloading 3388 Unused Serialized files (Serialized files now loaded: 0)
Unloading 18 unused Assets / (24.7 KB). Loaded Objects now: 3887.
Memory consumption went from 196.9 MB to 196.9 MB.
Total: 4.198300 ms (FindLiveObjects: 0.325500 ms CreateObjectMapping: 0.198700 ms MarkObjects: 3.644700 ms  DeleteObjects: 0.028100 ms)

AssetImportParameters requested are different than current active one (requested -> active):
  custom:video-decoder-ogg-theora: a1e56fd34408186e4bbccfd4996cb3dc -> 
  custom:container-muxer-webm: aa71ff27fc2769a1b78a27578f13a17b -> 
  custom:container-demuxer-webm: 4f35f7cbe854078d1ac9338744f61a02 -> 
  custom:video-encoder-webm-vp8: eb34c28f22e8b96e1ab97ce403110664 -> 
  custom:audio-encoder-webm-vorbis: bf7c407c2cedff20999df2af8eb42d56 -> 
  custom:framework-win-MediaFoundation: 216162199b28c13a410421893ffa2e32 -> 
  custom:container-demuxer-ogg: 62fdf1f143b41e24485cea50d1cbac27 -> 
  custom:video-decoder-webm-vp8: 9c59270c3fd7afecdb556c50c9e8de78 -> 
  custom:audio-decoder-ogg-vorbis: bf7c407c2cedff20999df2af8eb42d56 -> 
========================================================================
Received Prepare
Registering precompiled user dll's ...
Registered in 0.009288 seconds.
Begin MonoManager ReloadAssembly
Symbol file LoadedFromMemory doesn't match image C:\Users\user\Documents\GitHub\MandarinFarm\unityMF\Library\PackageCache\com.unity.visualscripting@1.7.8\Editor\VisualScripting.Core\Dependencies\YamlDotNet\Unity.VisualScripting.YamlDotNet.dll
Symbol file LoadedFromMemory doesn't match image C:\Users\user\Documents\GitHub\MandarinFarm\unityMF\Library\PackageCache\com.unity.visualscripting@1.7.8\Editor\VisualScripting.Core\Dependencies\DotNetZip\Unity.VisualScripting.IonicZip.dll
Native extension for UWP target not found
Native extension for WindowsStandalone target not found
Native extension for iOS target not found
Native extension for Android target not found
Refreshing native plugins compatible for Editor in 1.28 ms, found 3 plugins.
Preloading 0 native plugins for Editor in 0.00 ms.
Mono: successfully reloaded assembly
- Completed reload, in  1.635 seconds
Domain Reload Profiling:
	ReloadAssembly (1636ms)
		BeginReloadAssembly (250ms)
			ExecutionOrderSort (0ms)
			DisableScriptedObjects (7ms)
			BackupInstance (0ms)
			ReleaseScriptingObjects (0ms)
			CreateAndSetChildDomain (42ms)
		EndReloadAssembly (1237ms)
			LoadAssemblies (194ms)
			RebuildTransferFunctionScriptingTraits (0ms)
			SetupTypeCache (424ms)
			ReleaseScriptCaches (2ms)
			RebuildScriptCaches (70ms)
			SetupLoadedEditorAssemblies (521ms)
				LogAssemblyErrors (0ms)
				InitializePlatformSupportModulesInManaged (65ms)
				SetLoadedEditorAssemblies (1ms)
				RefreshPlugins (1ms)
				BeforeProcessingInitializeOnLoad (138ms)
				ProcessInitializeOnLoadAttributes (253ms)
				ProcessInitializeOnLoadMethodAttributes (36ms)
				AfterProcessingInitializeOnLoad (26ms)
				EditorAssembliesLoaded (0ms)
			ExecutionOrderSort2 (0ms)
			AwakeInstancesAfterBackupRestoration (9ms)
Platform modules already initialized, skipping
Refreshing native plugins compatible for Editor in 2.58 ms, found 3 plugins.
Preloading 0 native plugins for Editor in 0.00 ms.
Unloading 3401 Unused Serialized files (Serialized files now loaded: 0)
Unloading 31 unused Assets / (0.7 MB). Loaded Objects now: 3890.
Memory consumption went from 199.2 MB to 198.5 MB.
Total: 3.856000 ms (FindLiveObjects: 0.277100 ms CreateObjectMapping: 0.174900 ms MarkObjects: 3.050400 ms  DeleteObjects: 0.352600 ms)

AssetImportParameters requested are different than current active one (requested -> active):
  custom:video-decoder-ogg-theora: a1e56fd34408186e4bbccfd4996cb3dc -> 
  custom:container-muxer-webm: aa71ff27fc2769a1b78a27578f13a17b -> 
  custom:container-demuxer-webm: 4f35f7cbe854078d1ac9338744f61a02 -> 
  custom:video-encoder-webm-vp8: eb34c28f22e8b96e1ab97ce403110664 -> 
  custom:audio-encoder-webm-vorbis: bf7c407c2cedff20999df2af8eb42d56 -> 
  custom:framework-win-MediaFoundation: 216162199b28c13a410421893ffa2e32 -> 
  custom:container-demuxer-ogg: 62fdf1f143b41e24485cea50d1cbac27 -> 
  custom:video-decoder-webm-vp8: 9c59270c3fd7afecdb556c50c9e8de78 -> 
  custom:audio-decoder-ogg-vorbis: bf7c407c2cedff20999df2af8eb42d56 -> 
========================================================================
Received Prepare
Registering precompiled user dll's ...
Registered in 0.008753 seconds.
Begin MonoManager ReloadAssembly
Symbol file LoadedFromMemory doesn't match image C:\Users\user\Documents\GitHub\MandarinFarm\unityMF\Library\PackageCache\com.unity.visualscripting@1.7.8\Editor\VisualScripting.Core\Dependencies\YamlDotNet\Unity.VisualScripting.YamlDotNet.dll
Symbol file LoadedFromMemory doesn't match image C:\Users\user\Documents\GitHub\MandarinFarm\unityMF\Library\PackageCache\com.unity.visualscripting@1.7.8\Editor\VisualScripting.Core\Dependencies\DotNetZip\Unity.VisualScripting.IonicZip.dll
Native extension for UWP target not found
Native extension for WindowsStandalone target not found
Native extension for iOS target not found
Native extension for Android target not found
Refreshing native plugins compatible for Editor in 0.82 ms, found 3 plugins.
Preloading 0 native plugins for Editor in 0.00 ms.
Mono: successfully reloaded assembly
- Completed reload, in  1.777 seconds
Domain Reload Profiling:
	ReloadAssembly (1778ms)
		BeginReloadAssembly (227ms)
			ExecutionOrderSort (0ms)
			DisableScriptedObjects (6ms)
			BackupInstance (0ms)
			ReleaseScriptingObjects (0ms)
			CreateAndSetChildDomain (43ms)
		EndReloadAssembly (1376ms)
			LoadAssemblies (192ms)
			RebuildTransferFunctionScriptingTraits (0ms)
			SetupTypeCache (451ms)
			ReleaseScriptCaches (2ms)
			RebuildScriptCaches (78ms)
			SetupLoadedEditorAssemblies (610ms)
				LogAssemblyErrors (0ms)
				InitializePlatformSupportModulesInManaged (74ms)
				SetLoadedEditorAssemblies (1ms)
				RefreshPlugins (1ms)
				BeforeProcessingInitializeOnLoad (141ms)
				ProcessInitializeOnLoadAttributes (329ms)
				ProcessInitializeOnLoadMethodAttributes (39ms)
				AfterProcessingInitializeOnLoad (24ms)
				EditorAssembliesLoaded (0ms)
			ExecutionOrderSort2 (0ms)
			AwakeInstancesAfterBackupRestoration (8ms)
Platform modules already initialized, skipping
Refreshing native plugins compatible for Editor in 2.69 ms, found 3 plugins.
Preloading 0 native plugins for Editor in 0.00 ms.
Unloading 3401 Unused Serialized files (Serialized files now loaded: 0)
Unloading 31 unused Assets / (0.7 MB). Loaded Objects now: 3893.
Memory consumption went from 199.2 MB to 198.5 MB.
Total: 3.516200 ms (FindLiveObjects: 0.287400 ms CreateObjectMapping: 0.188200 ms MarkObjects: 2.681800 ms  DeleteObjects: 0.357800 ms)

AssetImportParameters requested are different than current active one (requested -> active):
  custom:video-decoder-ogg-theora: a1e56fd34408186e4bbccfd4996cb3dc -> 
  custom:container-muxer-webm: aa71ff27fc2769a1b78a27578f13a17b -> 
  custom:container-demuxer-webm: 4f35f7cbe854078d1ac9338744f61a02 -> 
  custom:video-encoder-webm-vp8: eb34c28f22e8b96e1ab97ce403110664 -> 
  custom:audio-encoder-webm-vorbis: bf7c407c2cedff20999df2af8eb42d56 -> 
  custom:framework-win-MediaFoundation: 216162199b28c13a410421893ffa2e32 -> 
  custom:container-demuxer-ogg: 62fdf1f143b41e24485cea50d1cbac27 -> 
  custom:video-decoder-webm-vp8: 9c59270c3fd7afecdb556c50c9e8de78 -> 
  custom:audio-decoder-ogg-vorbis: bf7c407c2cedff20999df2af8eb42d56 -> 
========================================================================
Received Prepare
Registering precompiled user dll's ...
Registered in 0.011354 seconds.
Begin MonoManager ReloadAssembly
Symbol file LoadedFromMemory doesn't match image C:\Users\user\Documents\GitHub\MandarinFarm\unityMF\Library\PackageCache\com.unity.visualscripting@1.7.8\Editor\VisualScripting.Core\Dependencies\YamlDotNet\Unity.VisualScripting.YamlDotNet.dll
Symbol file LoadedFromMemory doesn't match image C:\Users\user\Documents\GitHub\MandarinFarm\unityMF\Library\PackageCache\com.unity.visualscripting@1.7.8\Editor\VisualScripting.Core\Dependencies\DotNetZip\Unity.VisualScripting.IonicZip.dll
Native extension for UWP target not found
Native extension for WindowsStandalone target not found
Native extension for iOS target not found
Native extension for Android target not found
Refreshing native plugins compatible for Editor in 0.90 ms, found 3 plugins.
Preloading 0 native plugins for Editor in 0.00 ms.
Mono: successfully reloaded assembly
- Completed reload, in  1.766 seconds
Domain Reload Profiling:
	ReloadAssembly (1768ms)
		BeginReloadAssembly (205ms)
			ExecutionOrderSort (0ms)
			DisableScriptedObjects (8ms)
			BackupInstance (0ms)
			ReleaseScriptingObjects (0ms)
			CreateAndSetChildDomain (42ms)
		EndReloadAssembly (1426ms)
			LoadAssemblies (154ms)
			RebuildTransferFunctionScriptingTraits (0ms)
			SetupTypeCache (416ms)
			ReleaseScriptCaches (2ms)
			RebuildScriptCaches (106ms)
			SetupLoadedEditorAssemblies (638ms)
				LogAssemblyErrors (0ms)
				InitializePlatformSupportModulesInManaged (67ms)
				SetLoadedEditorAssemblies (1ms)
				RefreshPlugins (1ms)
				BeforeProcessingInitializeOnLoad (141ms)
				ProcessInitializeOnLoadAttributes (357ms)
				ProcessInitializeOnLoadMethodAttributes (47ms)
				AfterProcessingInitializeOnLoad (26ms)
				EditorAssembliesLoaded (0ms)
			ExecutionOrderSort2 (0ms)
			AwakeInstancesAfterBackupRestoration (10ms)
Platform modules already initialized, skipping
Refreshing native plugins compatible for Editor in 3.38 ms, found 3 plugins.
Preloading 0 native plugins for Editor in 0.00 ms.
Unloading 3401 Unused Serialized files (Serialized files now loaded: 0)
Unloading 31 unused Assets / (0.7 MB). Loaded Objects now: 3896.
Memory consumption went from 199.2 MB to 198.5 MB.
Total: 4.331400 ms (FindLiveObjects: 0.334500 ms CreateObjectMapping: 0.264100 ms MarkObjects: 3.301500 ms  DeleteObjects: 0.430000 ms)

AssetImportParameters requested are different than current active one (requested -> active):
  custom:video-decoder-ogg-theora: a1e56fd34408186e4bbccfd4996cb3dc -> 
  custom:container-muxer-webm: aa71ff27fc2769a1b78a27578f13a17b -> 
  custom:container-demuxer-webm: 4f35f7cbe854078d1ac9338744f61a02 -> 
  custom:video-encoder-webm-vp8: eb34c28f22e8b96e1ab97ce403110664 -> 
  custom:audio-encoder-webm-vorbis: bf7c407c2cedff20999df2af8eb42d56 -> 
  custom:framework-win-MediaFoundation: 216162199b28c13a410421893ffa2e32 -> 
  custom:container-demuxer-ogg: 62fdf1f143b41e24485cea50d1cbac27 -> 
  custom:video-decoder-webm-vp8: 9c59270c3fd7afecdb556c50c9e8de78 -> 
  custom:audio-decoder-ogg-vorbis: bf7c407c2cedff20999df2af8eb42d56 -> 
========================================================================
Received Prepare
Registering precompiled user dll's ...
Registered in 0.010906 seconds.
Begin MonoManager ReloadAssembly
Symbol file LoadedFromMemory doesn't match image C:\Users\user\Documents\GitHub\MandarinFarm\unityMF\Library\PackageCache\com.unity.visualscripting@1.7.8\Editor\VisualScripting.Core\Dependencies\YamlDotNet\Unity.VisualScripting.YamlDotNet.dll
Symbol file LoadedFromMemory doesn't match image C:\Users\user\Documents\GitHub\MandarinFarm\unityMF\Library\PackageCache\com.unity.visualscripting@1.7.8\Editor\VisualScripting.Core\Dependencies\DotNetZip\Unity.VisualScripting.IonicZip.dll
Native extension for UWP target not found
Native extension for WindowsStandalone target not found
Native extension for iOS target not found
Native extension for Android target not found
Refreshing native plugins compatible for Editor in 0.87 ms, found 3 plugins.
Preloading 0 native plugins for Editor in 0.00 ms.
Mono: successfully reloaded assembly
- Completed reload, in  1.724 seconds
Domain Reload Profiling:
	ReloadAssembly (1725ms)
		BeginReloadAssembly (207ms)
			ExecutionOrderSort (0ms)
			DisableScriptedObjects (7ms)
			BackupInstance (0ms)
			ReleaseScriptingObjects (0ms)
			CreateAndSetChildDomain (39ms)
		EndReloadAssembly (1381ms)
			LoadAssemblies (169ms)
			RebuildTransferFunctionScriptingTraits (0ms)
			SetupTypeCache (443ms)
			ReleaseScriptCaches (2ms)
			RebuildScriptCaches (66ms)
			SetupLoadedEditorAssemblies (626ms)
				LogAssemblyErrors (0ms)
				InitializePlatformSupportModulesInManaged (68ms)
				SetLoadedEditorAssemblies (1ms)
				RefreshPlugins (1ms)
				BeforeProcessingInitializeOnLoad (145ms)
				ProcessInitializeOnLoadAttributes (337ms)
				ProcessInitializeOnLoadMethodAttributes (50ms)
				AfterProcessingInitializeOnLoad (24ms)
				EditorAssembliesLoaded (0ms)
			ExecutionOrderSort2 (0ms)
			AwakeInstancesAfterBackupRestoration (10ms)
Platform modules already initialized, skipping
Refreshing native plugins compatible for Editor in 3.82 ms, found 3 plugins.
Preloading 0 native plugins for Editor in 0.00 ms.
Unloading 3401 Unused Serialized files (Serialized files now loaded: 0)
Unloading 31 unused Assets / (0.7 MB). Loaded Objects now: 3899.
Memory consumption went from 199.2 MB to 198.5 MB.
Total: 4.902300 ms (FindLiveObjects: 0.443700 ms CreateObjectMapping: 0.242200 ms MarkObjects: 3.638600 ms  DeleteObjects: 0.576600 ms)

AssetImportParameters requested are different than current active one (requested -> active):
  custom:video-decoder-ogg-theora: a1e56fd34408186e4bbccfd4996cb3dc -> 
  custom:container-muxer-webm: aa71ff27fc2769a1b78a27578f13a17b -> 
  custom:container-demuxer-webm: 4f35f7cbe854078d1ac9338744f61a02 -> 
  custom:video-encoder-webm-vp8: eb34c28f22e8b96e1ab97ce403110664 -> 
  custom:audio-encoder-webm-vorbis: bf7c407c2cedff20999df2af8eb42d56 -> 
  custom:framework-win-MediaFoundation: 216162199b28c13a410421893ffa2e32 -> 
  custom:container-demuxer-ogg: 62fdf1f143b41e24485cea50d1cbac27 -> 
  custom:video-decoder-webm-vp8: 9c59270c3fd7afecdb556c50c9e8de78 -> 
  custom:audio-decoder-ogg-vorbis: bf7c407c2cedff20999df2af8eb42d56 -> 
========================================================================
Received Import Request.
  Time since last request: 422.826342 seconds.
  path: Assets/GOSU/LowPolyDungeonsLite_Demo.unity
  artifactKey: Guid(b0536fdf93c6f5f4295a8f3190261d7d) Importer(815301076,1909f56bfc062723c751e8b465ee728b)
Start importing Assets/GOSU/LowPolyDungeonsLite_Demo.unity using Guid(b0536fdf93c6f5f4295a8f3190261d7d) Importer(815301076,1909f56bfc062723c751e8b465ee728b)  -> (artifact id: '1ef2dacc1ca803555ab38f049d71bcdc') in 0.007210 seconds 
========================================================================
Received Import Request.
  Time since last request: 7.429749 seconds.
  path: Assets/팀플.unity
  artifactKey: Guid(39b1c26623ab9a44386a1253ab9620f2) Importer(815301076,1909f56bfc062723c751e8b465ee728b)
Start importing Assets/팀플.unity using Guid(39b1c26623ab9a44386a1253ab9620f2) Importer(815301076,1909f56bfc062723c751e8b465ee728b)  -> (artifact id: '35f60f91aff278c2736bc5b3db77bf4f') in 0.005417 seconds 
========================================================================
Received Import Request.
  Time since last request: 54.941733 seconds.
  path: Assets/Scenes/SampleScene.unity
  artifactKey: Guid(9fc0d4010bbf28b4594072e72b8655ab) Importer(815301076,1909f56bfc062723c751e8b465ee728b)
Start importing Assets/Scenes/SampleScene.unity using Guid(9fc0d4010bbf28b4594072e72b8655ab) Importer(815301076,1909f56bfc062723c751e8b465ee728b)  -> (artifact id: 'd0d884c95d6efdab556906d150dabfdb') in 0.005972 seconds 
========================================================================
Received Import Request.
  Time since last request: 30.141913 seconds.
  path: Assets/ShootingSound
  artifactKey: Guid(b8ad29856b063634184ca28a4c6d8c2e) Importer(815301076,1909f56bfc062723c751e8b465ee728b)
Start importing Assets/ShootingSound using Guid(b8ad29856b063634184ca28a4c6d8c2e) Importer(815301076,1909f56bfc062723c751e8b465ee728b)  -> (artifact id: 'af97deaa0993c05a80a8d381772ffc43') in 0.006379 seconds 
========================================================================
Received Import Request.
  Time since last request: 0.463935 seconds.
  path: Assets/Scenes
  artifactKey: Guid(6ea315d0fd7389c41b19996891e99ae3) Importer(815301076,1909f56bfc062723c751e8b465ee728b)
Start importing Assets/Scenes using Guid(6ea315d0fd7389c41b19996891e99ae3) Importer(815301076,1909f56bfc062723c751e8b465ee728b)  -> (artifact id: 'bc172811d573b296104adb4d2728db37') in 0.001902 seconds 
========================================================================
Received Import Request.
  Time since last request: 2.084160 seconds.
  path: Assets/Materials
  artifactKey: Guid(fa2f42691fe4dd6469aaa2552704a262) Importer(815301076,1909f56bfc062723c751e8b465ee728b)
Start importing Assets/Materials using Guid(fa2f42691fe4dd6469aaa2552704a262) Importer(815301076,1909f56bfc062723c751e8b465ee728b)  -> (artifact id: '744afffdd7071c55df7eba1c136e0a71') in 0.004677 seconds 
========================================================================
Received Import Request.
  Time since last request: 0.026890 seconds.
  path: Assets/Materials/enemy.mat
  artifactKey: Guid(edaa624b0c686d54f94d59eb55266f3f) Importer(815301076,1909f56bfc062723c751e8b465ee728b)
Start importing Assets/Materials/enemy.mat using Guid(edaa624b0c686d54f94d59eb55266f3f) Importer(815301076,1909f56bfc062723c751e8b465ee728b)  -> (artifact id: '62fd3bd71829424520349200c2aa41cf') in 0.173190 seconds 
========================================================================
Received Import Request.
  Time since last request: 0.000029 seconds.
  path: Assets/Materials/prototype_texture_blue.png
  artifactKey: Guid(8a478c66f02ac724986cf50dde83d080) Importer(815301076,1909f56bfc062723c751e8b465ee728b)
Start importing Assets/Materials/prototype_texture_blue.png using Guid(8a478c66f02ac724986cf50dde83d080) Importer(815301076,1909f56bfc062723c751e8b465ee728b)  -> (artifact id: '0391368cfdb876ba60e3fa11b1496e40') in 0.021636 seconds 
========================================================================
Received Import Request.
  Time since last request: 0.000030 seconds.
  path: Assets/Materials/prototype_texture_white.mat
  artifactKey: Guid(f9e2ac26d18c9b3438708dd971d6d486) Importer(815301076,1909f56bfc062723c751e8b465ee728b)
Start importing Assets/Materials/prototype_texture_white.mat using Guid(f9e2ac26d18c9b3438708dd971d6d486) Importer(815301076,1909f56bfc062723c751e8b465ee728b)  -> (artifact id: 'eab70e116e56b673532021a7bbb68413') in 0.020191 seconds 
========================================================================
Received Import Request.
  Time since last request: 0.000018 seconds.
  path: Assets/Materials/prototype_texture_gray.mat
  artifactKey: Guid(e304a55f069c06649aecfcc025f842e1) Importer(815301076,1909f56bfc062723c751e8b465ee728b)
Start importing Assets/Materials/prototype_texture_gray.mat using Guid(e304a55f069c06649aecfcc025f842e1) Importer(815301076,1909f56bfc062723c751e8b465ee728b)  -> (artifact id: '4a71998deac946b80292163908548e99') in 0.017279 seconds 
========================================================================
Received Import Request.
  Time since last request: 0.000019 seconds.
  path: Assets/Materials/Test_Color_Green.mat
  artifactKey: Guid(e4a83b5e70a16194c9b2c6c1f48b8bc8) Importer(815301076,1909f56bfc062723c751e8b465ee728b)
Start importing Assets/Materials/Test_Color_Green.mat using Guid(e4a83b5e70a16194c9b2c6c1f48b8bc8) Importer(815301076,1909f56bfc062723c751e8b465ee728b)  -> (artifact id: 'de47cd260006e4ab6f5a80774786f867') in 0.016306 seconds 
========================================================================
Received Import Request.
  Time since last request: 2.639128 seconds.
  path: Assets/에셋스토어/Buttons/PNG/Materials/3button_green_middle.mat
  artifactKey: Guid(471ccf890ec270647a66b1edb6c09d44) Importer(815301076,1909f56bfc062723c751e8b465ee728b)
Start importing Assets/에셋스토어/Buttons/PNG/Materials/3button_green_middle.mat using Guid(471ccf890ec270647a66b1edb6c09d44) Importer(815301076,1909f56bfc062723c751e8b465ee728b)  -> (artifact id: 'ecf8ac94dfc66fa683423003b292ec7f') in 0.010691 seconds 
========================================================================
Received Import Request.
  Time since last request: 0.000019 seconds.
  path: Assets/에셋스토어/Fireworks/Rocket 2/Materials/Fireworks tail.mat
  artifactKey: Guid(3ff4577d2bcc63244a3920a312698b09) Importer(815301076,1909f56bfc062723c751e8b465ee728b)
Start importing Assets/에셋스토어/Fireworks/Rocket 2/Materials/Fireworks tail.mat using Guid(3ff4577d2bcc63244a3920a312698b09) Importer(815301076,1909f56bfc062723c751e8b465ee728b)  -> (artifact id: '10c621177db59a75a3077ef24858b347') in 0.051505 seconds 
========================================================================
Received Import Request.
  Time since last request: 0.000017 seconds.
  path: Assets/에셋스토어/Fireworks/Rocket 4/Materials/Fireworks tail 2.mat
  artifactKey: Guid(68596fa748345654fb0a5f7396d36abd) Importer(815301076,1909f56bfc062723c751e8b465ee728b)
Start importing Assets/에셋스토어/Fireworks/Rocket 4/Materials/Fireworks tail 2.mat using Guid(68596fa748345654fb0a5f7396d36abd) Importer(815301076,1909f56bfc062723c751e8b465ee728b)  -> (artifact id: 'b64d9a9e905c2a8a66af75f43ac3b800') in 0.036166 seconds 
========================================================================
Received Import Request.
  Time since last request: 0.000019 seconds.
  path: Assets/에셋스토어/Polygon-Lite Survival Collection/Materials/Ground_1.mat
  artifactKey: Guid(57946c858663c0f41a016129f25a1059) Importer(815301076,1909f56bfc062723c751e8b465ee728b)
Start importing Assets/에셋스토어/Polygon-Lite Survival Collection/Materials/Ground_1.mat using Guid(57946c858663c0f41a016129f25a1059) Importer(815301076,1909f56bfc062723c751e8b465ee728b)  -> (artifact id: 'f467cfb7e60810855f5a2e4f504330e6') in 0.010465 seconds 
========================================================================
Received Import Request.
  Time since last request: 0.000018 seconds.
  path: Assets/에셋스토어/Fireworks/Rocket 1/Model/Materials/defaultMat.mat
  artifactKey: Guid(2416de124a8fd664290b3306e1eef3c0) Importer(815301076,1909f56bfc062723c751e8b465ee728b)
Start importing Assets/에셋스토어/Fireworks/Rocket 1/Model/Materials/defaultMat.mat using Guid(2416de124a8fd664290b3306e1eef3c0) Importer(815301076,1909f56bfc062723c751e8b465ee728b)  -> (artifact id: '83330da53a9bbfbbe99b6d4834ca75c4') in 0.011990 seconds 
========================================================================
Received Import Request.
  Time since last request: 0.000033 seconds.
  path: Assets/에셋스토어/Fireworks/Firecracker 2/Materials/Fuse.mat
  artifactKey: Guid(eec846b1e7fc2174abca473b0890b56b) Importer(815301076,1909f56bfc062723c751e8b465ee728b)
Start importing Assets/에셋스토어/Fireworks/Firecracker 2/Materials/Fuse.mat using Guid(eec846b1e7fc2174abca473b0890b56b) Importer(815301076,1909f56bfc062723c751e8b465ee728b)  -> (artifact id: 'ceb04e2e31b283cc5df2a4df467e2236') in 0.012592 seconds 
========================================================================
Received Import Request.
  Time since last request: 0.000025 seconds.
  path: Assets/에셋스토어/Flashlight/Materials/Flashlight_mat.mat
  artifactKey: Guid(71510e2bf70bb7249a8f218251368554) Importer(815301076,1909f56bfc062723c751e8b465ee728b)
Start importing Assets/에셋스토어/Flashlight/Materials/Flashlight_mat.mat using Guid(71510e2bf70bb7249a8f218251368554) Importer(815301076,1909f56bfc062723c751e8b465ee728b)  -> (artifact id: '55aa87fcfaa0c346eb33d71f0a88ef84') in 0.073566 seconds 
========================================================================
Received Import Request.
  Time since last request: 0.000018 seconds.
  path: Assets/에셋스토어/Polygon-Lite Survival Collection/Materials/Black.mat
  artifactKey: Guid(05b92fe9187c747429c7a303f90baafc) Importer(815301076,1909f56bfc062723c751e8b465ee728b)
Start importing Assets/에셋스토어/Polygon-Lite Survival Collection/Materials/Black.mat using Guid(05b92fe9187c747429c7a303f90baafc) Importer(815301076,1909f56bfc062723c751e8b465ee728b)  -> (artifact id: '409eeba9753e7fba12a0b24a878e4c5e') in 0.010106 seconds 
========================================================================
Received Import Request.
  Time since last request: 0.000018 seconds.
  path: Assets/에셋스토어/Fireworks/Firecracker 1/Materials/Firecracker1 Explosion.mat
  artifactKey: Guid(43899b13d8946d048a034f9a36745db1) Importer(815301076,1909f56bfc062723c751e8b465ee728b)
Start importing Assets/에셋스토어/Fireworks/Firecracker 1/Materials/Firecracker1 Explosion.mat using Guid(43899b13d8946d048a034f9a36745db1) Importer(815301076,1909f56bfc062723c751e8b465ee728b)  -> (artifact id: '7ab9c1033aeecb6d551a1ae3ddafedea') in 0.012152 seconds 
========================================================================
Received Import Request.
  Time since last request: 0.000027 seconds.
  path: Assets/에셋스토어/Fireworks/Firecracker 1/Materials/Firecracker 1 texture.mat
  artifactKey: Guid(7f5601c12cf982f48bbb360253fdf79c) Importer(815301076,1909f56bfc062723c751e8b465ee728b)
Start importing Assets/에셋스토어/Fireworks/Firecracker 1/Materials/Firecracker 1 texture.mat using Guid(7f5601c12cf982f48bbb360253fdf79c) Importer(815301076,1909f56bfc062723c751e8b465ee728b)  -> (artifact id: '5698dca86debd8354924e2ea42710a93') in 0.014563 seconds 
========================================================================
Received Import Request.
  Time since last request: 0.000026 seconds.
  path: Assets/에셋스토어/Polygon-Lite Survival Collection/Materials/Blue.mat
  artifactKey: Guid(f56e297c4d79d854295e2047536db3f0) Importer(815301076,1909f56bfc062723c751e8b465ee728b)
Start importing Assets/에셋스토어/Polygon-Lite Survival Collection/Materials/Blue.mat using Guid(f56e297c4d79d854295e2047536db3f0) Importer(815301076,1909f56bfc062723c751e8b465ee728b)  -> (artifact id: 'ef4409389b12d3e93a750d16060dea89') in 0.011902 seconds 
========================================================================
Received Import Request.
  Time since last request: 0.000023 seconds.
  path: Assets/에셋스토어/Fireworks/Firecracker 2/Model/Materials/defaultMat.mat
  artifactKey: Guid(916236742ed0e024ca77c8a5deffd866) Importer(815301076,1909f56bfc062723c751e8b465ee728b)
Start importing Assets/에셋스토어/Fireworks/Firecracker 2/Model/Materials/defaultMat.mat using Guid(916236742ed0e024ca77c8a5deffd866) Importer(815301076,1909f56bfc062723c751e8b465ee728b)  -> (artifact id: '66e41da5be16479207e30f490eb95a83') in 0.012799 seconds 
========================================================================
Received Import Request.
  Time since last request: 0.000019 seconds.
  path: Assets/에셋스토어/Fireworks/Battery/Material/ExplosionMat.mat
  artifactKey: Guid(ddcc967f80aa9f24b80d1f8fc8edba04) Importer(815301076,1909f56bfc062723c751e8b465ee728b)
Start importing Assets/에셋스토어/Fireworks/Battery/Material/ExplosionMat.mat using Guid(ddcc967f80aa9f24b80d1f8fc8edba04) Importer(815301076,1909f56bfc062723c751e8b465ee728b)  -> (artifact id: '673c28dbacd067c51dda533f26ea6ecb') in 0.012771 seconds 
========================================================================
Received Import Request.
  Time since last request: 0.000023 seconds.
  path: Assets/에셋스토어/Fireworks/Firecracker 3/Materials/Firecracker 3 texture.mat
  artifactKey: Guid(6ac89f3247ab98e44836abe402b4d64c) Importer(815301076,1909f56bfc062723c751e8b465ee728b)
Start importing Assets/에셋스토어/Fireworks/Firecracker 3/Materials/Firecracker 3 texture.mat using Guid(6ac89f3247ab98e44836abe402b4d64c) Importer(815301076,1909f56bfc062723c751e8b465ee728b)  -> (artifact id: '39c08c49ddb86a2235fb5aea16ac84b3') in 0.015225 seconds 
========================================================================
Received Import Request.
  Time since last request: 0.000029 seconds.
  path: Assets/에셋스토어/Fireworks/Battery/Model/Materials/defaultMat.mat
  artifactKey: Guid(5f07c65489b4ba242b222b82b0b05829) Importer(815301076,1909f56bfc062723c751e8b465ee728b)
Start importing Assets/에셋스토어/Fireworks/Battery/Model/Materials/defaultMat.mat using Guid(5f07c65489b4ba242b222b82b0b05829) Importer(815301076,1909f56bfc062723c751e8b465ee728b)  -> (artifact id: '3d023704bd0b7a161e8c49ed2d482f59') in 0.010774 seconds 
========================================================================
Received Import Request.
  Time since last request: 0.000024 seconds.
  path: Assets/에셋스토어/Fireworks/Battery/Material/Battery texture.mat
  artifactKey: Guid(8a2be7321578f9e4bbac96e346289f9e) Importer(815301076,1909f56bfc062723c751e8b465ee728b)
Start importing Assets/에셋스토어/Fireworks/Battery/Material/Battery texture.mat using Guid(8a2be7321578f9e4bbac96e346289f9e) Importer(815301076,1909f56bfc062723c751e8b465ee728b)  -> (artifact id: 'cfc98d0f2e7eea1eae400cffc5dc3b08') in 0.013650 seconds 
========================================================================
Received Import Request.
  Time since last request: 0.000036 seconds.
  path: Assets/에셋스토어/Fireworks/Rocket 2/Materials/Fireworks tail 2.mat
  artifactKey: Guid(1723c950f7b2ae348bad6cd4a052767b) Importer(815301076,1909f56bfc062723c751e8b465ee728b)
Start importing Assets/에셋스토어/Fireworks/Rocket 2/Materials/Fireworks tail 2.mat using Guid(1723c950f7b2ae348bad6cd4a052767b) Importer(815301076,1909f56bfc062723c751e8b465ee728b)  -> (artifact id: 'b9743ed699a37c9ec34910c2a726a6d8') in 0.014008 seconds 
========================================================================
Received Import Request.
  Time since last request: 0.000026 seconds.
  path: Assets/GOSU/Blink/Art/Textures/StylizedForestTextures/Cliff_3/Cliff_3.mat
  artifactKey: Guid(1eb9b6c65f4726346a9f918c3a07eab8) Importer(815301076,1909f56bfc062723c751e8b465ee728b)
Start importing Assets/GOSU/Blink/Art/Textures/StylizedForestTextures/Cliff_3/Cliff_3.mat using Guid(1eb9b6c65f4726346a9f918c3a07eab8) Importer(815301076,1909f56bfc062723c751e8b465ee728b)  -> (artifact id: '2d1e4dc0393c60b9131f9b3eb08f6fd0') in 0.367358 seconds 
========================================================================
Received Import Request.
  Time since last request: 0.000024 seconds.
  path: Assets/에셋스토어/Fireworks/Rocket 2/Model/Materials/defaultMat.mat
  artifactKey: Guid(4f215bd7f7558964b95cca7c788807b2) Importer(815301076,1909f56bfc062723c751e8b465ee728b)
Start importing Assets/에셋스토어/Fireworks/Rocket 2/Model/Materials/defaultMat.mat using Guid(4f215bd7f7558964b95cca7c788807b2) Importer(815301076,1909f56bfc062723c751e8b465ee728b)  -> (artifact id: 'bea8ea02a5259b01fd75d774ef5c0ac9') in 0.012800 seconds 
========================================================================
Received Import Request.
  Time since last request: 0.000034 seconds.
  path: Assets/에셋스토어/Polygon-Lite Survival Collection/Materials/Green.mat
  artifactKey: Guid(2e3fe719eece0ce45a47859435eb62b9) Importer(815301076,1909f56bfc062723c751e8b465ee728b)
Start importing Assets/에셋스토어/Polygon-Lite Survival Collection/Materials/Green.mat using Guid(2e3fe719eece0ce45a47859435eb62b9) Importer(815301076,1909f56bfc062723c751e8b465ee728b)  -> (artifact id: '0f36c82c83282c1c293434156776599b') in 0.015619 seconds 
========================================================================
Received Import Request.
  Time since last request: 0.000024 seconds.
  path: Assets/에셋스토어/Fireworks/Rocket 1/Materials/Fireworksbouquet.mat
  artifactKey: Guid(fdd55a228c6eee84b939e5e1c1790f39) Importer(815301076,1909f56bfc062723c751e8b465ee728b)
Start importing Assets/에셋스토어/Fireworks/Rocket 1/Materials/Fireworksbouquet.mat using Guid(fdd55a228c6eee84b939e5e1c1790f39) Importer(815301076,1909f56bfc062723c751e8b465ee728b)  -> (artifact id: '8ec5b27cb97d15fefad2bfcbf96b3c0d') in 0.014797 seconds 
========================================================================
Received Import Request.
  Time since last request: 0.000024 seconds.
  path: Assets/에셋스토어/Fireworks/Rocket 1/Materials/Fuse.mat
  artifactKey: Guid(682029ccf4af3b74ebe8a826b4656306) Importer(815301076,1909f56bfc062723c751e8b465ee728b)
Start importing Assets/에셋스토어/Fireworks/Rocket 1/Materials/Fuse.mat using Guid(682029ccf4af3b74ebe8a826b4656306) Importer(815301076,1909f56bfc062723c751e8b465ee728b)  -> (artifact id: '97172359ea28c9eb035b9a2b67e999be') in 0.012900 seconds 
========================================================================
Received Import Request.
  Time since last request: 0.000031 seconds.
  path: Assets/에셋스토어/Fireworks/Rocket 3/Model/Materials/defaultMat.mat
  artifactKey: Guid(c0bb7d83d75cfd84695859993574ca18) Importer(815301076,1909f56bfc062723c751e8b465ee728b)
Start importing Assets/에셋스토어/Fireworks/Rocket 3/Model/Materials/defaultMat.mat using Guid(c0bb7d83d75cfd84695859993574ca18) Importer(815301076,1909f56bfc062723c751e8b465ee728b)  -> (artifact id: 'b0ea733958936d6e8ef3ad232a90be7a') in 0.012569 seconds 
========================================================================
Received Import Request.
  Time since last request: 0.000030 seconds.
  path: Assets/에셋스토어/Fireworks/Firecracker 3/Model/Materials/defaultMat.mat
  artifactKey: Guid(ef30a55d65df7b547964afcf645a3115) Importer(815301076,1909f56bfc062723c751e8b465ee728b)
Start importing Assets/에셋스토어/Fireworks/Firecracker 3/Model/Materials/defaultMat.mat using Guid(ef30a55d65df7b547964afcf645a3115) Importer(815301076,1909f56bfc062723c751e8b465ee728b)  -> (artifact id: 'c71a25de06785aa50f27d6b1d126953c') in 0.012908 seconds 
========================================================================
Received Import Request.
  Time since last request: 0.000044 seconds.
  path: Assets/에셋스토어/Fireworks/Firecracker 3/Materials/Fuse.mat
  artifactKey: Guid(4da2d6f1562c4b6479c3d2c425e77371) Importer(815301076,1909f56bfc062723c751e8b465ee728b)
Start importing Assets/에셋스토어/Fireworks/Firecracker 3/Materials/Fuse.mat using Guid(4da2d6f1562c4b6479c3d2c425e77371) Importer(815301076,1909f56bfc062723c751e8b465ee728b)  -> (artifact id: '64b5e8591fad6ec87eff1533179b0e23') in 0.015658 seconds 
========================================================================
Received Import Request.
  Time since last request: 0.000027 seconds.
  path: Assets/TextMesh Pro/Fonts/LiberationSans.ttf
  artifactKey: Guid(e3265ab4bf004d28a9537516768c1c75) Importer(815301076,1909f56bfc062723c751e8b465ee728b)
Start importing Assets/TextMesh Pro/Fonts/LiberationSans.ttf using Guid(e3265ab4bf004d28a9537516768c1c75) Importer(815301076,1909f56bfc062723c751e8b465ee728b)  -> (artifact id: 'f3bd036785823e2281556a384dd6489b') in 0.044291 seconds 
========================================================================
Received Import Request.
  Time since last request: 0.000022 seconds.
  path: Assets/에셋스토어/Fireworks/Rocket 3/Materials/Fireworks tail 2.mat
  artifactKey: Guid(8b7d3a97e3fe29c458cbdbdfe35921de) Importer(815301076,1909f56bfc062723c751e8b465ee728b)
Start importing Assets/에셋스토어/Fireworks/Rocket 3/Materials/Fireworks tail 2.mat using Guid(8b7d3a97e3fe29c458cbdbdfe35921de) Importer(815301076,1909f56bfc062723c751e8b465ee728b)  -> (artifact id: '149409a06977724fbc422b2076c0ab01') in 0.013808 seconds 
========================================================================
Received Import Request.
  Time since last request: 0.000021 seconds.
  path: Assets/에셋스토어/Fireworks/Rocket 4/Materials/Fireworks tail.mat
  artifactKey: Guid(0f65af387180f484bb60ea2aedd1898f) Importer(815301076,1909f56bfc062723c751e8b465ee728b)
Start importing Assets/에셋스토어/Fireworks/Rocket 4/Materials/Fireworks tail.mat using Guid(0f65af387180f484bb60ea2aedd1898f) Importer(815301076,1909f56bfc062723c751e8b465ee728b)  -> (artifact id: '164b00e6795cb898273b6dafc5fe71cd') in 0.011694 seconds 
========================================================================
Received Import Request.
  Time since last request: 0.000025 seconds.
  path: Assets/에셋스토어/Fireworks/Firecracker 1/Materials/Fuse.mat
  artifactKey: Guid(857ad4cf881e01848b9e0116824810be) Importer(815301076,1909f56bfc062723c751e8b465ee728b)
Start importing Assets/에셋스토어/Fireworks/Firecracker 1/Materials/Fuse.mat using Guid(857ad4cf881e01848b9e0116824810be) Importer(815301076,1909f56bfc062723c751e8b465ee728b)  -> (artifact id: '4d047a70748c360054a1d1b3d6f458bc') in 0.014018 seconds 
========================================================================
Received Import Request.
  Time since last request: 0.000032 seconds.
  path: Assets/에셋스토어/Flashlight/Materials/Flashlight_LightOn_mat.mat
  artifactKey: Guid(b8f438ec6a012d447acdee19e5d4a168) Importer(815301076,1909f56bfc062723c751e8b465ee728b)
Start importing Assets/에셋스토어/Flashlight/Materials/Flashlight_LightOn_mat.mat using Guid(b8f438ec6a012d447acdee19e5d4a168) Importer(815301076,1909f56bfc062723c751e8b465ee728b)  -> (artifact id: '0f23c264b8ba6da2b49ea08541421834') in 0.013753 seconds 
========================================================================
Received Import Request.
  Time since last request: 0.000024 seconds.
  path: Assets/에셋스토어/Buttons/Materials/buttons.mat
  artifactKey: Guid(065a7d302dd4a13428c28ea8d8f08dd0) Importer(815301076,1909f56bfc062723c751e8b465ee728b)
Start importing Assets/에셋스토어/Buttons/Materials/buttons.mat using Guid(065a7d302dd4a13428c28ea8d8f08dd0) Importer(815301076,1909f56bfc062723c751e8b465ee728b)  -> (artifact id: 'f2bf5f79745a0a2c40e742090d6e0ec3') in 0.044543 seconds 
========================================================================
Received Import Request.
  Time since last request: 0.000020 seconds.
  path: Assets/GOSU/Blink/Art/Textures/StylizedLavaTextures/Dry_Lava/Dry_Lava.mat
  artifactKey: Guid(c4f5b5fe4dd970a418b1187690e3d631) Importer(815301076,1909f56bfc062723c751e8b465ee728b)
Start importing Assets/GOSU/Blink/Art/Textures/StylizedLavaTextures/Dry_Lava/Dry_Lava.mat using Guid(c4f5b5fe4dd970a418b1187690e3d631) Importer(815301076,1909f56bfc062723c751e8b465ee728b)  -> (artifact id: '9a5d13049a2e25d4034aa3ddc5275f38') in 0.290881 seconds 
========================================================================
Received Import Request.
  Time since last request: 0.000027 seconds.
  path: Assets/에셋스토어/remake_assets/Materials/11.mat
  artifactKey: Guid(8e79efdf6960bf74884b2b1989fdcbe7) Importer(815301076,1909f56bfc062723c751e8b465ee728b)
Start importing Assets/에셋스토어/remake_assets/Materials/11.mat using Guid(8e79efdf6960bf74884b2b1989fdcbe7) Importer(815301076,1909f56bfc062723c751e8b465ee728b)  -> (artifact id: '8e5adb25deac638bb6040a49d9bff06d') in 0.012715 seconds 
========================================================================
Received Import Request.
  Time since last request: 0.000036 seconds.
  path: Assets/에셋스토어/Fireworks/Rocket 4/Model/Materials/defaultMat.mat
  artifactKey: Guid(3f40548ceb90ac2459bc7908a28e2c90) Importer(815301076,1909f56bfc062723c751e8b465ee728b)
Start importing Assets/에셋스토어/Fireworks/Rocket 4/Model/Materials/defaultMat.mat using Guid(3f40548ceb90ac2459bc7908a28e2c90) Importer(815301076,1909f56bfc062723c751e8b465ee728b)  -> (artifact id: '148323b43f6a8a18c5212fb5dd40dc87') in 0.013692 seconds 
========================================================================
Received Import Request.
  Time since last request: 0.000041 seconds.
  path: Assets/에셋스토어/Flashlight/Materials/Grey.mat
  artifactKey: Guid(ef1f68421eb488c48b137fada2aff299) Importer(815301076,1909f56bfc062723c751e8b465ee728b)
Start importing Assets/에셋스토어/Flashlight/Materials/Grey.mat using Guid(ef1f68421eb488c48b137fada2aff299) Importer(815301076,1909f56bfc062723c751e8b465ee728b)  -> (artifact id: 'badf5400e482dbb069b4ce37aaf9e844') in 0.012023 seconds 
========================================================================
Received Import Request.
  Time since last request: 0.000025 seconds.
  path: Assets/에셋스토어/Fireworks/Rocket 5/Model/Materials/defaultMat.mat
  artifactKey: Guid(41dfe1e4c4884a64ea893a66da90f500) Importer(815301076,1909f56bfc062723c751e8b465ee728b)
Start importing Assets/에셋스토어/Fireworks/Rocket 5/Model/Materials/defaultMat.mat using Guid(41dfe1e4c4884a64ea893a66da90f500) Importer(815301076,1909f56bfc062723c751e8b465ee728b)  -> (artifact id: '6c74cc726f7ce0f60af7268644c4c1c3') in 0.013697 seconds 
========================================================================
Received Import Request.
  Time since last request: 5.073388 seconds.
  path: Assets/TextMesh Pro/Resources/Fonts & Materials/LiberationSans SDF - Drop Shadow.mat
  artifactKey: Guid(e73a58f6e2794ae7b1b7e50b7fb811b0) Importer(815301076,1909f56bfc062723c751e8b465ee728b)
Start importing Assets/TextMesh Pro/Resources/Fonts & Materials/LiberationSans SDF - Drop Shadow.mat using Guid(e73a58f6e2794ae7b1b7e50b7fb811b0) Importer(815301076,1909f56bfc062723c751e8b465ee728b)  -> (artifact id: '00bda793eec5af88bca28f4ea7b5bc72') in 0.133044 seconds 
========================================================================
Received Import Request.
  Time since last request: 0.000022 seconds.
  path: Assets/에셋스토어/OccaSoftware/Enflame/Materials/Sparks Material.mat
  artifactKey: Guid(a12503bc547b15c45bcba8cb3b9ab873) Importer(815301076,1909f56bfc062723c751e8b465ee728b)
Start importing Assets/에셋스토어/OccaSoftware/Enflame/Materials/Sparks Material.mat using Guid(a12503bc547b15c45bcba8cb3b9ab873) Importer(815301076,1909f56bfc062723c751e8b465ee728b)  -> (artifact id: 'f6da0c67456c65d2f819b9ad40fa183f') in 0.026180 seconds 
========================================================================
Received Import Request.
  Time since last request: 0.000027 seconds.
  path: Assets/에셋스토어/Polygon-Lite Survival Collection/Materials/Light 1.mat
  artifactKey: Guid(aeb2459e12c62264f93887022f038fb3) Importer(815301076,1909f56bfc062723c751e8b465ee728b)
Start importing Assets/에셋스토어/Polygon-Lite Survival Collection/Materials/Light 1.mat using Guid(aeb2459e12c62264f93887022f038fb3) Importer(815301076,1909f56bfc062723c751e8b465ee728b)  -> (artifact id: '69e27df223aae993942315796186434b') in 0.012907 seconds 
========================================================================
Received Import Request.
  Time since last request: 0.000022 seconds.
  path: Assets/TextMesh Pro/Resources/Fonts & Materials/LiberationSans SDF - Fallback.asset
  artifactKey: Guid(2e498d1c8094910479dc3e1b768306a4) Importer(815301076,1909f56bfc062723c751e8b465ee728b)
Start importing Assets/TextMesh Pro/Resources/Fonts & Materials/LiberationSans SDF - Fallback.asset using Guid(2e498d1c8094910479dc3e1b768306a4) Importer(815301076,1909f56bfc062723c751e8b465ee728b)  -> (artifact id: '0acdee2130716a610ed35d8fe1cdcb68') in 0.094180 seconds 
========================================================================
Received Import Request.
  Time since last request: 0.000019 seconds.
  path: Assets/TextMesh Pro/Resources/Fonts & Materials/LiberationSans SDF.asset
  artifactKey: Guid(8f586378b4e144a9851e7b34d9b748ee) Importer(815301076,1909f56bfc062723c751e8b465ee728b)
Start importing Assets/TextMesh Pro/Resources/Fonts & Materials/LiberationSans SDF.asset using Guid(8f586378b4e144a9851e7b34d9b748ee) Importer(815301076,1909f56bfc062723c751e8b465ee728b)  -> (artifact id: '55426b3c282e58d1ac0def5ba73c6514') in 0.059220 seconds 
========================================================================
Received Import Request.
  Time since last request: 0.000022 seconds.
  path: Assets/GOSU/LowPolyDungeonsLite/Materials/LowPolyDungeonsLite_MAIN.mat
  artifactKey: Guid(18f63ff904099034daf971dac5b32582) Importer(815301076,1909f56bfc062723c751e8b465ee728b)
Start importing Assets/GOSU/LowPolyDungeonsLite/Materials/LowPolyDungeonsLite_MAIN.mat using Guid(18f63ff904099034daf971dac5b32582) Importer(815301076,1909f56bfc062723c751e8b465ee728b)  -> (artifact id: 'd018fa5a7435d013dddfe81cc0dcc9bf') in 0.117253 seconds 
========================================================================
Received Import Request.
  Time since last request: 0.000024 seconds.
  path: Assets/GOSU/LowPolyDungeonsLite/Materials/LowPolyDungeonsLite_BG.mat
  artifactKey: Guid(64ba6c72e3ef1e549a99ffb902487f11) Importer(815301076,1909f56bfc062723c751e8b465ee728b)
Start importing Assets/GOSU/LowPolyDungeonsLite/Materials/LowPolyDungeonsLite_BG.mat using Guid(64ba6c72e3ef1e549a99ffb902487f11) Importer(815301076,1909f56bfc062723c751e8b465ee728b)  -> (artifact id: '7ce40d85bc7009d07194030813bd4c48') in 0.011302 seconds 
========================================================================
Received Import Request.
  Time since last request: 0.000029 seconds.
  path: Assets/에셋스토어/Polygon-Lite Survival Collection/Materials/Red.mat
  artifactKey: Guid(66b58e89bf028224cbb736d6be2c8539) Importer(815301076,1909f56bfc062723c751e8b465ee728b)
Start importing Assets/에셋스토어/Polygon-Lite Survival Collection/Materials/Red.mat using Guid(66b58e89bf028224cbb736d6be2c8539) Importer(815301076,1909f56bfc062723c751e8b465ee728b)  -> (artifact id: '2e803964e862af89cd2a41c0bd2a52ae') in 0.011781 seconds 
========================================================================
Received Import Request.
  Time since last request: 0.000019 seconds.
  path: Assets/GOSU/Blink/Art/Textures/StylizedDesertTextures/Rocks_1_Sand_3/Rock_1_Sand_3.mat
  artifactKey: Guid(ce3f0d46186f9384ab5a022a44a4082e) Importer(815301076,1909f56bfc062723c751e8b465ee728b)
Start importing Assets/GOSU/Blink/Art/Textures/StylizedDesertTextures/Rocks_1_Sand_3/Rock_1_Sand_3.mat using Guid(ce3f0d46186f9384ab5a022a44a4082e) Importer(815301076,1909f56bfc062723c751e8b465ee728b)  -> (artifact id: '713411561061ef7c83102be1341cbc5c') in 0.031809 seconds 
========================================================================
Received Import Request.
  Time since last request: 0.000023 seconds.
  path: Assets/GOSU/Blink/Art/Textures/StylizedDesertTextures/Sand_1/Sand_1.mat
  artifactKey: Guid(a8bafeb9ce249ad449cd43f428bf7668) Importer(815301076,1909f56bfc062723c751e8b465ee728b)
Start importing Assets/GOSU/Blink/Art/Textures/StylizedDesertTextures/Sand_1/Sand_1.mat using Guid(a8bafeb9ce249ad449cd43f428bf7668) Importer(815301076,1909f56bfc062723c751e8b465ee728b)  -> (artifact id: 'e192030887384a803ab063af47104f9e') in 0.035670 seconds 
========================================================================
Received Import Request.
  Time since last request: 0.000021 seconds.
  path: Assets/에셋스토어/Fireworks/Battery/Material/RocketSparkles.mat
  artifactKey: Guid(38ce9849b078048458aa3201970616a1) Importer(815301076,1909f56bfc062723c751e8b465ee728b)
Start importing Assets/에셋스토어/Fireworks/Battery/Material/RocketSparkles.mat using Guid(38ce9849b078048458aa3201970616a1) Importer(815301076,1909f56bfc062723c751e8b465ee728b)  -> (artifact id: '55c63edf8d03d6659f0599e2f13fdd8e') in 0.013439 seconds 
========================================================================
Received Import Request.
  Time since last request: 3.426976 seconds.
  path: Assets/GOSU/LowPolyDungeonsLite/Models/Box_02.fbx
  artifactKey: Guid(8257fe5fd024e1640b84edb679463fd9) Importer(815301076,1909f56bfc062723c751e8b465ee728b)
Start importing Assets/GOSU/LowPolyDungeonsLite/Models/Box_02.fbx using Guid(8257fe5fd024e1640b84edb679463fd9) Importer(815301076,1909f56bfc062723c751e8b465ee728b)  -> (artifact id: '5876ec909621ad89eaab61f4a248db48') in 0.136292 seconds 
========================================================================
Received Import Request.
  Time since last request: 0.000038 seconds.
  path: Assets/에셋스토어/Fireworks/Firecracker 1/Model/Firecracker 1.obj
  artifactKey: Guid(684d715b0b8c4144c847e7f26351fb30) Importer(815301076,1909f56bfc062723c751e8b465ee728b)
Start importing Assets/에셋스토어/Fireworks/Firecracker 1/Model/Firecracker 1.obj using Guid(684d715b0b8c4144c847e7f26351fb30) Importer(815301076,1909f56bfc062723c751e8b465ee728b)  -> (artifact id: '6ca9dda36043238a1c08f30f2656db81') in 0.040901 seconds 
========================================================================
Received Import Request.
  Time since last request: 0.000034 seconds.
  path: Assets/에셋스토어/Polygon-Lite Survival Collection/Models/Homemade_Medical_Splint.fbx
  artifactKey: Guid(27f2230ae424a774da3151968540aac8) Importer(815301076,1909f56bfc062723c751e8b465ee728b)
Start importing Assets/에셋스토어/Polygon-Lite Survival Collection/Models/Homemade_Medical_Splint.fbx using Guid(27f2230ae424a774da3151968540aac8) Importer(815301076,1909f56bfc062723c751e8b465ee728b)  -> (artifact id: '58818c13ad40fcfd4de78d7014c4f63d') in 0.026558 seconds 
========================================================================
Received Import Request.
  Time since last request: 0.000036 seconds.
  path: Assets/GOSU/LowPolyDungeonsLite/Models/Ground_01.fbx
  artifactKey: Guid(542f964f9d702f74d949482dfe0e0e8f) Importer(815301076,1909f56bfc062723c751e8b465ee728b)
Start importing Assets/GOSU/LowPolyDungeonsLite/Models/Ground_01.fbx using Guid(542f964f9d702f74d949482dfe0e0e8f) Importer(815301076,1909f56bfc062723c751e8b465ee728b)  -> (artifact id: '57ba7af9aa07793d4db699078da6af23') in 0.027485 seconds 
========================================================================
Received Import Request.
  Time since last request: 0.000019 seconds.
  path: Assets/에셋스토어/Polygon-Lite Survival Collection/Models/Meat_03.fbx
  artifactKey: Guid(2e60549f5f9a890408480516a8fda91d) Importer(815301076,1909f56bfc062723c751e8b465ee728b)
Start importing Assets/에셋스토어/Polygon-Lite Survival Collection/Models/Meat_03.fbx using Guid(2e60549f5f9a890408480516a8fda91d) Importer(815301076,1909f56bfc062723c751e8b465ee728b)  -> (artifact id: '831fa698969cb4a9f2c7099e4f397b63') in 0.025301 seconds 
========================================================================
Received Import Request.
  Time since last request: 0.000028 seconds.
  path: Assets/에셋스토어/Polygon-Lite Survival Collection/Models/Meat_02.fbx
  artifactKey: Guid(b0d616cdeed04b140a3fbb3063f5beea) Importer(815301076,1909f56bfc062723c751e8b465ee728b)
Start importing Assets/에셋스토어/Polygon-Lite Survival Collection/Models/Meat_02.fbx using Guid(b0d616cdeed04b140a3fbb3063f5beea) Importer(815301076,1909f56bfc062723c751e8b465ee728b)  -> (artifact id: '4e6fc4e2e650bcc5095fe06fc484ea33') in 0.022944 seconds 
========================================================================
Received Import Request.
  Time since last request: 0.000021 seconds.
  path: Assets/GOSU/LowPolyDungeonsLite/Models/Candle_01.fbx
  artifactKey: Guid(0e94f8f9621dc254ca920f620b8e454e) Importer(815301076,1909f56bfc062723c751e8b465ee728b)
Start importing Assets/GOSU/LowPolyDungeonsLite/Models/Candle_01.fbx using Guid(0e94f8f9621dc254ca920f620b8e454e) Importer(815301076,1909f56bfc062723c751e8b465ee728b)  -> (artifact id: '26c03a1d5a7234835bdfe675acb237e7') in 0.020416 seconds 
========================================================================
Received Import Request.
  Time since last request: 0.000019 seconds.
  path: Assets/에셋스토어/Polygon-Lite Survival Collection/Models/Flask.fbx
  artifactKey: Guid(0c70a1c8c591d1f4caf785297bccc393) Importer(815301076,1909f56bfc062723c751e8b465ee728b)
Start importing Assets/에셋스토어/Polygon-Lite Survival Collection/Models/Flask.fbx using Guid(0c70a1c8c591d1f4caf785297bccc393) Importer(815301076,1909f56bfc062723c751e8b465ee728b)  -> (artifact id: '9afed9abde92ddb316b4c2bda17f9da9') in 0.021334 seconds 
========================================================================
Received Import Request.
  Time since last request: 0.000027 seconds.
  path: Assets/에셋스토어/Fireworks/Firecracker 2/Model/Firecracker 2.obj
  artifactKey: Guid(f7f999702920fc549b3bba75cefa4531) Importer(815301076,1909f56bfc062723c751e8b465ee728b)
Start importing Assets/에셋스토어/Fireworks/Firecracker 2/Model/Firecracker 2.obj using Guid(f7f999702920fc549b3bba75cefa4531) Importer(815301076,1909f56bfc062723c751e8b465ee728b)  -> (artifact id: '4345c1c6f450be8162e17c208dc628f4') in 0.027756 seconds 
========================================================================
Received Import Request.
  Time since last request: 0.000024 seconds.
  path: Assets/에셋스토어/Polygon-Lite Survival Collection/Models/Medical_Kit.fbx
  artifactKey: Guid(c6468f1b90f616a449318c252b93051f) Importer(815301076,1909f56bfc062723c751e8b465ee728b)
Start importing Assets/에셋스토어/Polygon-Lite Survival Collection/Models/Medical_Kit.fbx using Guid(c6468f1b90f616a449318c252b93051f) Importer(815301076,1909f56bfc062723c751e8b465ee728b)  -> (artifact id: '52e72f04d86b5ef9741be0641309c9da') in 0.019788 seconds 
========================================================================
Received Import Request.
  Time since last request: 0.191806 seconds.
  path: Assets/에셋스토어/RPG Tiny Hero Duo/Mesh/OHS03PBR.fbx
  artifactKey: Guid(de392f919a34e4e4c94a6e77ef08a22d) Importer(815301076,1909f56bfc062723c751e8b465ee728b)
Start importing Assets/에셋스토어/RPG Tiny Hero Duo/Mesh/OHS03PBR.fbx using Guid(de392f919a34e4e4c94a6e77ef08a22d) Importer(815301076,1909f56bfc062723c751e8b465ee728b)  -> (artifact id: '4ebe3bf500ff41f37b75abbdfe52db08') in 0.025235 seconds 
========================================================================
Received Import Request.
  Time since last request: 0.000026 seconds.
  path: Assets/에셋스토어/Polygon-Lite Survival Collection/Models/Orange_01.fbx
  artifactKey: Guid(b4600eac96d6d584aae3bb5799e75c4b) Importer(815301076,1909f56bfc062723c751e8b465ee728b)
Start importing Assets/에셋스토어/Polygon-Lite Survival Collection/Models/Orange_01.fbx using Guid(b4600eac96d6d584aae3bb5799e75c4b) Importer(815301076,1909f56bfc062723c751e8b465ee728b)  -> (artifact id: 'ee23aa1032f2885d5e3171c7ad2b3035') in 0.019074 seconds 
========================================================================
Received Import Request.
  Time since last request: 0.055566 seconds.
  path: Assets/에셋스토어/Fireworks/Rocket 1/Model/Rocket 1.obj
  artifactKey: Guid(41cb19ddd77ef6745aba8a66c408ce29) Importer(815301076,1909f56bfc062723c751e8b465ee728b)
Start importing Assets/에셋스토어/Fireworks/Rocket 1/Model/Rocket 1.obj using Guid(41cb19ddd77ef6745aba8a66c408ce29) Importer(815301076,1909f56bfc062723c751e8b465ee728b)  -> (artifact id: '26f0d8909e25f5cde840a69e1acfd5dd') in 0.025186 seconds 
========================================================================
Received Import Request.
  Time since last request: 0.000031 seconds.
  path: Assets/에셋스토어/Fireworks/Rocket 3/Model/Rocket 3.obj
  artifactKey: Guid(ec56d45159769a841989e82024ac91fd) Importer(815301076,1909f56bfc062723c751e8b465ee728b)
Start importing Assets/에셋스토어/Fireworks/Rocket 3/Model/Rocket 3.obj using Guid(ec56d45159769a841989e82024ac91fd) Importer(815301076,1909f56bfc062723c751e8b465ee728b)  -> (artifact id: 'd65407366c01fb68d6c16bae4f51985a') in 0.027781 seconds 
========================================================================
Received Prepare
Registering precompiled user dll's ...
Registered in 0.009529 seconds.
Begin MonoManager ReloadAssembly
Symbol file LoadedFromMemory doesn't match image C:\Users\user\Documents\GitHub\MandarinFarm\unityMF\Library\PackageCache\com.unity.visualscripting@1.7.8\Editor\VisualScripting.Core\Dependencies\YamlDotNet\Unity.VisualScripting.YamlDotNet.dll
Symbol file LoadedFromMemory doesn't match image C:\Users\user\Documents\GitHub\MandarinFarm\unityMF\Library\PackageCache\com.unity.visualscripting@1.7.8\Editor\VisualScripting.Core\Dependencies\DotNetZip\Unity.VisualScripting.IonicZip.dll
Native extension for UWP target not found
Native extension for WindowsStandalone target not found
Native extension for iOS target not found
Native extension for Android target not found
Refreshing native plugins compatible for Editor in 1.33 ms, found 3 plugins.
Preloading 0 native plugins for Editor in 0.00 ms.
Mono: successfully reloaded assembly
- Completed reload, in  1.979 seconds
Domain Reload Profiling:
	ReloadAssembly (1980ms)
		BeginReloadAssembly (289ms)
			ExecutionOrderSort (0ms)
			DisableScriptedObjects (7ms)
			BackupInstance (0ms)
			ReleaseScriptingObjects (0ms)
			CreateAndSetChildDomain (71ms)
		EndReloadAssembly (1483ms)
			LoadAssemblies (216ms)
			RebuildTransferFunctionScriptingTraits (0ms)
			SetupTypeCache (457ms)
			ReleaseScriptCaches (2ms)
			RebuildScriptCaches (78ms)
			SetupLoadedEditorAssemblies (674ms)
				LogAssemblyErrors (0ms)
				InitializePlatformSupportModulesInManaged (66ms)
				SetLoadedEditorAssemblies (1ms)
				RefreshPlugins (1ms)
				BeforeProcessingInitializeOnLoad (151ms)
				ProcessInitializeOnLoadAttributes (373ms)
				ProcessInitializeOnLoadMethodAttributes (54ms)
				AfterProcessingInitializeOnLoad (27ms)
				EditorAssembliesLoaded (0ms)
			ExecutionOrderSort2 (0ms)
			AwakeInstancesAfterBackupRestoration (11ms)
Platform modules already initialized, skipping
Refreshing native plugins compatible for Editor in 3.38 ms, found 3 plugins.
Preloading 0 native plugins for Editor in 0.00 ms.
Unloading 3401 Unused Serialized files (Serialized files now loaded: 0)
Unloading 31 unused Assets / (0.6 MB). Loaded Objects now: 3954.
Memory consumption went from 204.4 MB to 203.8 MB.
Total: 4.427300 ms (FindLiveObjects: 0.377400 ms CreateObjectMapping: 0.201000 ms MarkObjects: 3.361900 ms  DeleteObjects: 0.485900 ms)

AssetImportParameters requested are different than current active one (requested -> active):
  custom:video-decoder-ogg-theora: a1e56fd34408186e4bbccfd4996cb3dc -> 
  custom:container-muxer-webm: aa71ff27fc2769a1b78a27578f13a17b -> 
  custom:container-demuxer-webm: 4f35f7cbe854078d1ac9338744f61a02 -> 
  custom:video-encoder-webm-vp8: eb34c28f22e8b96e1ab97ce403110664 -> 
  custom:audio-encoder-webm-vorbis: bf7c407c2cedff20999df2af8eb42d56 -> 
  custom:framework-win-MediaFoundation: 216162199b28c13a410421893ffa2e32 -> 
  custom:container-demuxer-ogg: 62fdf1f143b41e24485cea50d1cbac27 -> 
  custom:video-decoder-webm-vp8: 9c59270c3fd7afecdb556c50c9e8de78 -> 
  custom:audio-decoder-ogg-vorbis: bf7c407c2cedff20999df2af8eb42d56 -> 
Editor requested this worker to shutdown with reason: Scaling down because of idle timeout
AssetImportWorker is now disconnected from the server
Process exiting
Exiting without the bug reporter. Application will terminate with return code 0